08/17 21:16:51 [DEBUG] [23080] [COMPS.Data.SerializableEntity] OutputFileMetadata --> {'Id': '_internal_id', 'Length': 'length', 'FriendlyName': 'friendly_name', 'PathFromRoot': 'path_from_root', 'Url': 'url', 'MimeType': 'mime_type'}
08/17 21:16:51 [DEBUG] [23080] [COMPS.Data.SerializableEntity] AssetFile --> {'FileName': 'file_name', 'MD5Checksum': 'md5_checksum', 'Length': 'length', 'Uri': 'uri'}
08/17 21:16:51 [DEBUG] [23080] [COMPS.Data.SerializableEntity] AssetCollectionFile --> {'RelativePath': 'relative_path', 'Tags': 'tags', 'FileName': 'file_name', 'MD5Checksum': 'md5_checksum', 'Length': 'length', 'Uri': 'uri'}
08/17 21:16:51 [DEBUG] [23080] [COMPS.Data.SerializableEntity] AssetCollection --> {'Id': 'id', 'DateCreated': 'date_created', 'Tags': 'tags', 'Assets': 'assets'}
08/17 21:16:51 [DEBUG] [23080] [COMPS.Data.SerializableEntity] Configuration --> {'EnvironmentName': 'environment_name', 'SimulationInputArgs': 'simulation_input_args', 'WorkingDirectoryRoot': 'working_directory_root', 'ExecutablePath': 'executable_path', 'NodeGroupName': 'node_group_name', 'MaximumNumberOfRetries': 'maximum_number_of_retries', 'Priority': 'priority', 'MinCores': 'min_cores', 'MaxCores': 'max_cores', 'Exclusive': 'exclusive', 'AssetCollectionId': 'asset_collection_id'}
08/17 21:16:51 [DEBUG] [23080] [COMPS.Data.SerializableEntity] SimulationFile --> {'FileType': 'file_type', 'Description': 'description', 'FileName': 'file_name', 'MD5Checksum': 'md5_checksum', 'Length': 'length', 'Uri': 'uri'}
08/17 21:16:51 [DEBUG] [23080] [COMPS.Data.SerializableEntity] WorkItemFile --> {'FileType': 'file_type', 'Description': 'description', 'FileName': 'file_name', 'MD5Checksum': 'md5_checksum', 'Length': 'length', 'Uri': 'uri'}
08/17 21:16:51 [DEBUG] [23080] [COMPS.Data.SerializableEntity] HpcJob --> {'Id': '_internal_id', 'JobId': 'job_id', 'JobState': 'job_state', 'Priority': 'priority', 'WorkingDirectory': 'working_directory', 'OutputDirectorySize': 'output_directory_size', 'SubmitTime': 'submit_time', 'StartTime': 'start_time', 'EndTime': 'end_time', 'ErrorMessage': 'error_message', 'Configuration': 'configuration'}
08/17 21:16:51 [DEBUG] [23080] [COMPS.Data.SerializableEntity] Simulation --> {'Id': 'id', 'ExperimentId': 'experiment_id', 'Name': 'name', 'Description': 'description', 'Owner': 'owner', 'DateCreated': 'date_created', 'LastModified': 'last_modified', 'SimulationState': 'state', 'ErrorMessage': 'error_message', 'Tags': 'tags', 'Configuration': 'configuration', 'Files': 'files', 'HPCJobs': 'hpc_jobs'}
08/17 21:16:51 [DEBUG] [23080] [COMPS.Data.SerializableEntity] Experiment --> {'Id': 'id', 'SuiteId': 'suite_id', 'Name': 'name', 'Description': 'description', 'Owner': 'owner', 'DateCreated': 'date_created', 'LastModified': 'last_modified', 'Tags': 'tags', 'Configuration': 'configuration'}
08/17 21:16:51 [DEBUG] [23080] [COMPS.Data.SerializableEntity] Suite --> {'Id': 'id', 'Name': 'name', 'Description': 'description', 'Owner': 'owner', 'DateCreated': 'date_created', 'LastModified': 'last_modified', 'Tags': 'tags', 'Configuration': 'configuration'}
08/17 21:16:51 [DEBUG] [23080] [COMPS.Data.SerializableEntity] WorkItem --> {'Id': 'id', 'Name': 'name', 'Worker': 'worker', 'EnvironmentName': 'environment_name', 'Description': 'description', 'Owner': 'owner', 'DateCreated': 'date_created', 'LastModified': 'last_modified', 'State': 'state', 'ErrorMessage': 'error_message', 'HostName': 'host_name', 'WorkerInstanceId': 'worker_instance_id', 'WorkItemPriority': 'priority', 'WorkingDirectory': 'working_directory', 'WorkingDirectorySize': 'working_directory_size', 'AssetCollectionId': 'asset_collection_id', 'Tags': 'tags', 'Files': 'files', 'Plugins': 'plugins'}
08/17 21:16:52 [DEBUG] [23080] [COMPS.Client] Parsed login host: ('https', 'comps.idmod.org', None)
08/17 21:16:52 [DEBUG] [23080] [COMPS.Client] REQUEST -> GET https://comps.idmod.org/api/Simulations {'fields': 'Id', 'filters': 'SimulationState=0,ExperimentId=8ea49fc8-9b1e-ed11-a9fb-b88303911bc1', 'count': 100000}
08/17 21:16:52 [DEBUG] [23080] [COMPS.Client] REQUEST -> GET https://comps.idmod.org/api/Simulations {'fields': 'Id,SimulationState', 'filters': 'ExperimentId=8ea49fc8-9b1e-ed11-a9fb-b88303911bc1', 'count': 100000}
08/17 21:16:58 [DEBUG] [23080] [COMPS.Client] REQUEST -> GET https://comps.idmod.org/api/Simulations {'fields': 'Id,SimulationState', 'filters': 'ExperimentId=8ea49fc8-9b1e-ed11-a9fb-b88303911bc1', 'count': 100000}
08/17 21:17:03 [DEBUG] [23080] [COMPS.Client] REQUEST -> GET https://comps.idmod.org/api/Simulations {'fields': 'Id,SimulationState', 'filters': 'ExperimentId=8ea49fc8-9b1e-ed11-a9fb-b88303911bc1', 'count': 100000}
08/17 21:17:09 [DEBUG] [23080] [COMPS.Client] REQUEST -> GET https://comps.idmod.org/api/Simulations {'fields': 'Id,SimulationState', 'filters': 'ExperimentId=8ea49fc8-9b1e-ed11-a9fb-b88303911bc1', 'count': 100000}
08/17 21:17:14 [DEBUG] [23080] [COMPS.Client] REQUEST -> GET https://comps.idmod.org/api/Simulations {'fields': 'Id,SimulationState', 'filters': 'ExperimentId=8ea49fc8-9b1e-ed11-a9fb-b88303911bc1', 'count': 100000}
08/17 21:17:20 [DEBUG] [23080] [COMPS.Client] REQUEST -> GET https://comps.idmod.org/api/Simulations {'fields': 'Id,SimulationState', 'filters': 'ExperimentId=8ea49fc8-9b1e-ed11-a9fb-b88303911bc1', 'count': 100000}
08/17 21:17:25 [DEBUG] [23080] [COMPS.Client] REQUEST -> GET https://comps.idmod.org/api/Simulations {'fields': 'Id,SimulationState', 'filters': 'ExperimentId=8ea49fc8-9b1e-ed11-a9fb-b88303911bc1', 'count': 100000}
08/17 21:17:30 [DEBUG] [23080] [COMPS.Client] REQUEST -> GET https://comps.idmod.org/api/Simulations {'fields': 'Id,SimulationState', 'filters': 'ExperimentId=8ea49fc8-9b1e-ed11-a9fb-b88303911bc1', 'count': 100000}
08/17 21:17:36 [DEBUG] [23080] [COMPS.Client] REQUEST -> GET https://comps.idmod.org/api/Simulations {'fields': 'Id,SimulationState', 'filters': 'ExperimentId=8ea49fc8-9b1e-ed11-a9fb-b88303911bc1', 'count': 100000}
08/17 21:17:41 [DEBUG] [23080] [COMPS.Client] REQUEST -> GET https://comps.idmod.org/api/Simulations {'fields': 'Id,SimulationState', 'filters': 'ExperimentId=8ea49fc8-9b1e-ed11-a9fb-b88303911bc1', 'count': 100000}
08/17 21:17:46 [DEBUG] [23080] [COMPS.Client] REQUEST -> GET https://comps.idmod.org/api/Simulations {'fields': 'Id,SimulationState', 'filters': 'ExperimentId=8ea49fc8-9b1e-ed11-a9fb-b88303911bc1', 'count': 100000}
08/17 21:17:52 [DEBUG] [23080] [COMPS.Client] REQUEST -> GET https://comps.idmod.org/api/Simulations {'fields': 'Id,SimulationState', 'filters': 'ExperimentId=8ea49fc8-9b1e-ed11-a9fb-b88303911bc1', 'count': 100000}
08/17 21:17:57 [DEBUG] [23080] [COMPS.Client] REQUEST -> GET https://comps.idmod.org/api/Simulations {'fields': 'Id,SimulationState', 'filters': 'ExperimentId=8ea49fc8-9b1e-ed11-a9fb-b88303911bc1', 'count': 100000}
08/17 21:18:02 [DEBUG] [23080] [COMPS.Client] REQUEST -> GET https://comps.idmod.org/api/Simulations {'fields': 'Id,SimulationState', 'filters': 'ExperimentId=8ea49fc8-9b1e-ed11-a9fb-b88303911bc1', 'count': 100000}
08/17 21:18:07 [DEBUG] [23080] [COMPS.Client] REQUEST -> GET https://comps.idmod.org/api/Simulations {'fields': 'Id,SimulationState', 'filters': 'ExperimentId=8ea49fc8-9b1e-ed11-a9fb-b88303911bc1', 'count': 100000}
08/17 21:18:13 [DEBUG] [23080] [COMPS.Client] REQUEST -> GET https://comps.idmod.org/api/Simulations {'fields': 'Id,SimulationState', 'filters': 'ExperimentId=8ea49fc8-9b1e-ed11-a9fb-b88303911bc1', 'count': 100000}
08/17 21:18:18 [DEBUG] [23080] [COMPS.Client] REQUEST -> GET https://comps.idmod.org/api/Simulations {'fields': 'Id,SimulationState', 'filters': 'ExperimentId=8ea49fc8-9b1e-ed11-a9fb-b88303911bc1', 'count': 100000}
08/17 21:18:23 [DEBUG] [23080] [COMPS.Client] REQUEST -> GET https://comps.idmod.org/api/Simulations {'fields': 'Id,SimulationState', 'filters': 'ExperimentId=8ea49fc8-9b1e-ed11-a9fb-b88303911bc1', 'count': 100000}
08/17 21:18:29 [DEBUG] [23080] [COMPS.Client] REQUEST -> GET https://comps.idmod.org/api/Simulations {'fields': 'Id,SimulationState', 'filters': 'ExperimentId=8ea49fc8-9b1e-ed11-a9fb-b88303911bc1', 'count': 100000}
08/17 21:18:34 [DEBUG] [23080] [COMPS.Client] REQUEST -> GET https://comps.idmod.org/api/Simulations {'fields': 'Id,SimulationState', 'filters': 'ExperimentId=8ea49fc8-9b1e-ed11-a9fb-b88303911bc1', 'count': 100000}
08/17 21:18:39 [DEBUG] [23080] [COMPS.Client] REQUEST -> GET https://comps.idmod.org/api/Simulations {'fields': 'Id,SimulationState', 'filters': 'ExperimentId=8ea49fc8-9b1e-ed11-a9fb-b88303911bc1', 'count': 100000}
08/17 21:18:45 [DEBUG] [23080] [COMPS.Client] REQUEST -> GET https://comps.idmod.org/api/Simulations {'fields': 'Id,SimulationState', 'filters': 'ExperimentId=8ea49fc8-9b1e-ed11-a9fb-b88303911bc1', 'count': 100000}
08/17 21:18:50 [DEBUG] [23080] [COMPS.Client] REQUEST -> GET https://comps.idmod.org/api/Simulations {'fields': 'Id,SimulationState', 'filters': 'ExperimentId=8ea49fc8-9b1e-ed11-a9fb-b88303911bc1', 'count': 100000}
08/17 21:18:56 [DEBUG] [23080] [COMPS.Client] REQUEST -> GET https://comps.idmod.org/api/Simulations {'fields': 'Id,SimulationState', 'filters': 'ExperimentId=8ea49fc8-9b1e-ed11-a9fb-b88303911bc1', 'count': 100000}
08/17 21:19:01 [DEBUG] [23080] [COMPS.Client] REQUEST -> GET https://comps.idmod.org/api/Simulations {'fields': 'Id,SimulationState', 'filters': 'ExperimentId=8ea49fc8-9b1e-ed11-a9fb-b88303911bc1', 'count': 100000}
08/17 21:19:06 [DEBUG] [23080] [COMPS.Client] REQUEST -> GET https://comps.idmod.org/api/Simulations {'fields': 'Id,SimulationState', 'filters': 'ExperimentId=8ea49fc8-9b1e-ed11-a9fb-b88303911bc1', 'count': 100000}
08/17 21:19:12 [DEBUG] [23080] [COMPS.Client] REQUEST -> GET https://comps.idmod.org/api/Simulations {'fields': 'Id,SimulationState', 'filters': 'ExperimentId=8ea49fc8-9b1e-ed11-a9fb-b88303911bc1', 'count': 100000}
08/17 21:19:17 [DEBUG] [23080] [COMPS.Client] REQUEST -> GET https://comps.idmod.org/api/Simulations {'fields': 'Id,SimulationState', 'filters': 'ExperimentId=8ea49fc8-9b1e-ed11-a9fb-b88303911bc1', 'count': 100000}
08/17 21:19:23 [DEBUG] [23080] [COMPS.Client] REQUEST -> GET https://comps.idmod.org/api/Simulations {'fields': 'Id,SimulationState', 'filters': 'ExperimentId=8ea49fc8-9b1e-ed11-a9fb-b88303911bc1', 'count': 100000}
08/17 21:19:28 [DEBUG] [23080] [COMPS.Client] REQUEST -> GET https://comps.idmod.org/api/Simulations {'fields': 'Id,SimulationState', 'filters': 'ExperimentId=8ea49fc8-9b1e-ed11-a9fb-b88303911bc1', 'count': 100000}
08/17 21:19:33 [DEBUG] [23080] [COMPS.Client] REQUEST -> GET https://comps.idmod.org/api/Simulations {'fields': 'Id,SimulationState', 'filters': 'ExperimentId=8ea49fc8-9b1e-ed11-a9fb-b88303911bc1', 'count': 100000}
08/17 21:19:39 [DEBUG] [23080] [COMPS.Client] REQUEST -> GET https://comps.idmod.org/api/Simulations {'fields': 'Id,SimulationState', 'filters': 'ExperimentId=8ea49fc8-9b1e-ed11-a9fb-b88303911bc1', 'count': 100000}
08/17 21:19:44 [DEBUG] [23080] [COMPS.Client] REQUEST -> GET https://comps.idmod.org/api/Simulations {'fields': 'Id,SimulationState', 'filters': 'ExperimentId=8ea49fc8-9b1e-ed11-a9fb-b88303911bc1', 'count': 100000}
08/17 21:19:49 [DEBUG] [23080] [COMPS.Client] REQUEST -> GET https://comps.idmod.org/api/Simulations {'fields': 'Id,SimulationState', 'filters': 'ExperimentId=8ea49fc8-9b1e-ed11-a9fb-b88303911bc1', 'count': 100000}
08/17 21:19:55 [DEBUG] [23080] [COMPS.Client] REQUEST -> GET https://comps.idmod.org/api/Simulations {'fields': 'Id,SimulationState', 'filters': 'ExperimentId=8ea49fc8-9b1e-ed11-a9fb-b88303911bc1', 'count': 100000}
08/17 21:20:00 [DEBUG] [23080] [COMPS.Client] REQUEST -> GET https://comps.idmod.org/api/Simulations {'fields': 'Id,SimulationState', 'filters': 'ExperimentId=8ea49fc8-9b1e-ed11-a9fb-b88303911bc1', 'count': 100000}
08/17 21:20:06 [DEBUG] [23080] [COMPS.Client] REQUEST -> GET https://comps.idmod.org/api/Simulations {'fields': 'Id,SimulationState', 'filters': 'ExperimentId=8ea49fc8-9b1e-ed11-a9fb-b88303911bc1', 'count': 100000}
08/17 21:20:11 [DEBUG] [23080] [COMPS.Client] REQUEST -> GET https://comps.idmod.org/api/Simulations {'fields': 'Id,SimulationState', 'filters': 'ExperimentId=8ea49fc8-9b1e-ed11-a9fb-b88303911bc1', 'count': 100000}
08/17 21:20:16 [DEBUG] [23080] [COMPS.Client] REQUEST -> GET https://comps.idmod.org/api/Simulations {'fields': 'Id,SimulationState', 'filters': 'ExperimentId=8ea49fc8-9b1e-ed11-a9fb-b88303911bc1', 'count': 100000}
08/17 21:20:22 [DEBUG] [23080] [COMPS.Client] REQUEST -> GET https://comps.idmod.org/api/Simulations {'fields': 'Id,SimulationState', 'filters': 'ExperimentId=8ea49fc8-9b1e-ed11-a9fb-b88303911bc1', 'count': 100000}
08/17 21:20:28 [DEBUG] [23080] [COMPS.Client] REQUEST -> GET https://comps.idmod.org/api/Simulations {'fields': 'Id,SimulationState', 'filters': 'ExperimentId=8ea49fc8-9b1e-ed11-a9fb-b88303911bc1', 'count': 100000}
08/17 21:20:33 [DEBUG] [23080] [COMPS.Client] REQUEST -> GET https://comps.idmod.org/api/Simulations {'fields': 'Id,SimulationState', 'filters': 'ExperimentId=8ea49fc8-9b1e-ed11-a9fb-b88303911bc1', 'count': 100000}
08/17 21:20:38 [DEBUG] [23080] [COMPS.Client] REQUEST -> GET https://comps.idmod.org/api/Simulations {'fields': 'Id,SimulationState', 'filters': 'ExperimentId=8ea49fc8-9b1e-ed11-a9fb-b88303911bc1', 'count': 100000}
08/17 21:20:43 [DEBUG] [23080] [COMPS.Client] REQUEST -> GET https://comps.idmod.org/api/Simulations {'fields': 'Id,SimulationState', 'filters': 'ExperimentId=8ea49fc8-9b1e-ed11-a9fb-b88303911bc1', 'count': 100000}
08/17 21:20:49 [DEBUG] [23080] [COMPS.Client] REQUEST -> GET https://comps.idmod.org/api/Simulations {'fields': 'Id,SimulationState', 'filters': 'ExperimentId=8ea49fc8-9b1e-ed11-a9fb-b88303911bc1', 'count': 100000}
08/17 21:20:54 [DEBUG] [23080] [COMPS.Client] REQUEST -> GET https://comps.idmod.org/api/Simulations {'fields': 'Id,SimulationState', 'filters': 'ExperimentId=8ea49fc8-9b1e-ed11-a9fb-b88303911bc1', 'count': 100000}
08/17 21:21:00 [DEBUG] [23080] [COMPS.Client] REQUEST -> GET https://comps.idmod.org/api/Simulations {'fields': 'Id,SimulationState', 'filters': 'ExperimentId=8ea49fc8-9b1e-ed11-a9fb-b88303911bc1', 'count': 100000}
08/17 21:21:05 [DEBUG] [23080] [COMPS.Client] REQUEST -> GET https://comps.idmod.org/api/Simulations {'fields': 'Id,SimulationState', 'filters': 'ExperimentId=8ea49fc8-9b1e-ed11-a9fb-b88303911bc1', 'count': 100000}
08/17 21:21:10 [DEBUG] [23080] [COMPS.Client] REQUEST -> GET https://comps.idmod.org/api/Simulations {'fields': 'Id,SimulationState', 'filters': 'ExperimentId=8ea49fc8-9b1e-ed11-a9fb-b88303911bc1', 'count': 100000}
08/17 21:21:16 [DEBUG] [23080] [COMPS.Client] REQUEST -> GET https://comps.idmod.org/api/Simulations {'fields': 'Id,SimulationState', 'filters': 'ExperimentId=8ea49fc8-9b1e-ed11-a9fb-b88303911bc1', 'count': 100000}
08/17 21:21:21 [DEBUG] [23080] [COMPS.Client] REQUEST -> GET https://comps.idmod.org/api/Simulations {'fields': 'Id,SimulationState', 'filters': 'ExperimentId=8ea49fc8-9b1e-ed11-a9fb-b88303911bc1', 'count': 100000}
08/17 21:21:26 [DEBUG] [23080] [COMPS.Client] REQUEST -> GET https://comps.idmod.org/api/Simulations {'fields': 'Id,SimulationState', 'filters': 'ExperimentId=8ea49fc8-9b1e-ed11-a9fb-b88303911bc1', 'count': 100000}
08/17 21:21:32 [DEBUG] [23080] [COMPS.Client] REQUEST -> GET https://comps.idmod.org/api/Simulations {'fields': 'Id,SimulationState', 'filters': 'ExperimentId=8ea49fc8-9b1e-ed11-a9fb-b88303911bc1', 'count': 100000}
08/17 21:21:37 [DEBUG] [23080] [COMPS.Client] REQUEST -> GET https://comps.idmod.org/api/Simulations {'fields': 'Id,SimulationState', 'filters': 'ExperimentId=8ea49fc8-9b1e-ed11-a9fb-b88303911bc1', 'count': 100000}
08/17 21:21:42 [DEBUG] [23080] [COMPS.Client] REQUEST -> GET https://comps.idmod.org/api/Simulations {'fields': 'Id,SimulationState', 'filters': 'ExperimentId=8ea49fc8-9b1e-ed11-a9fb-b88303911bc1', 'count': 100000}
08/17 21:21:48 [DEBUG] [23080] [COMPS.Client] REQUEST -> GET https://comps.idmod.org/api/Simulations {'fields': 'Id,SimulationState', 'filters': 'ExperimentId=8ea49fc8-9b1e-ed11-a9fb-b88303911bc1', 'count': 100000}
08/17 21:21:53 [DEBUG] [23080] [COMPS.Client] REQUEST -> GET https://comps.idmod.org/api/Simulations {'fields': 'Id,SimulationState', 'filters': 'ExperimentId=8ea49fc8-9b1e-ed11-a9fb-b88303911bc1', 'count': 100000}
08/17 21:21:59 [DEBUG] [23080] [COMPS.Client] REQUEST -> GET https://comps.idmod.org/api/Simulations {'fields': 'Id,SimulationState', 'filters': 'ExperimentId=8ea49fc8-9b1e-ed11-a9fb-b88303911bc1', 'count': 100000}
08/17 21:22:04 [DEBUG] [23080] [COMPS.Client] REQUEST -> GET https://comps.idmod.org/api/Simulations {'fields': 'Id,SimulationState', 'filters': 'ExperimentId=8ea49fc8-9b1e-ed11-a9fb-b88303911bc1', 'count': 100000}
08/17 21:22:09 [DEBUG] [23080] [COMPS.Client] REQUEST -> GET https://comps.idmod.org/api/Simulations {'fields': 'Id,SimulationState', 'filters': 'ExperimentId=8ea49fc8-9b1e-ed11-a9fb-b88303911bc1', 'count': 100000}
08/17 21:22:15 [DEBUG] [23080] [COMPS.Client] REQUEST -> GET https://comps.idmod.org/api/Simulations {'fields': 'Id,SimulationState', 'filters': 'ExperimentId=8ea49fc8-9b1e-ed11-a9fb-b88303911bc1', 'count': 100000}
08/17 21:22:20 [DEBUG] [23080] [COMPS.Client] REQUEST -> GET https://comps.idmod.org/api/Simulations {'fields': 'Id,SimulationState', 'filters': 'ExperimentId=8ea49fc8-9b1e-ed11-a9fb-b88303911bc1', 'count': 100000}
08/17 21:22:25 [DEBUG] [23080] [COMPS.Client] REQUEST -> GET https://comps.idmod.org/api/Simulations {'fields': 'Id,SimulationState', 'filters': 'ExperimentId=8ea49fc8-9b1e-ed11-a9fb-b88303911bc1', 'count': 100000}
08/17 21:22:31 [DEBUG] [23080] [COMPS.Client] REQUEST -> GET https://comps.idmod.org/api/Simulations {'fields': 'Id,SimulationState', 'filters': 'ExperimentId=8ea49fc8-9b1e-ed11-a9fb-b88303911bc1', 'count': 100000}
08/17 21:22:36 [DEBUG] [23080] [COMPS.Client] REQUEST -> GET https://comps.idmod.org/api/Simulations {'fields': 'Id,SimulationState', 'filters': 'ExperimentId=8ea49fc8-9b1e-ed11-a9fb-b88303911bc1', 'count': 100000}
08/17 21:22:41 [DEBUG] [23080] [COMPS.Client] REQUEST -> GET https://comps.idmod.org/api/Simulations {'fields': 'Id,SimulationState', 'filters': 'ExperimentId=8ea49fc8-9b1e-ed11-a9fb-b88303911bc1', 'count': 100000}
08/17 21:22:47 [DEBUG] [23080] [COMPS.Client] REQUEST -> GET https://comps.idmod.org/api/Simulations {'fields': 'Id,SimulationState', 'filters': 'ExperimentId=8ea49fc8-9b1e-ed11-a9fb-b88303911bc1', 'count': 100000}
08/17 21:22:52 [DEBUG] [23080] [COMPS.Client] REQUEST -> GET https://comps.idmod.org/api/Simulations {'fields': 'Id,SimulationState', 'filters': 'ExperimentId=8ea49fc8-9b1e-ed11-a9fb-b88303911bc1', 'count': 100000}
08/17 21:22:57 [DEBUG] [23080] [COMPS.Client] REQUEST -> GET https://comps.idmod.org/api/Simulations {'fields': 'Id,SimulationState', 'filters': 'ExperimentId=8ea49fc8-9b1e-ed11-a9fb-b88303911bc1', 'count': 100000}
08/17 21:23:03 [DEBUG] [23080] [COMPS.Client] REQUEST -> GET https://comps.idmod.org/api/Simulations {'fields': 'Id,SimulationState', 'filters': 'ExperimentId=8ea49fc8-9b1e-ed11-a9fb-b88303911bc1', 'count': 100000}
08/17 21:23:08 [DEBUG] [23080] [COMPS.Client] REQUEST -> GET https://comps.idmod.org/api/Simulations {'fields': 'Id,SimulationState', 'filters': 'ExperimentId=8ea49fc8-9b1e-ed11-a9fb-b88303911bc1', 'count': 100000}
08/17 21:23:13 [DEBUG] [23080] [COMPS.Client] REQUEST -> GET https://comps.idmod.org/api/Simulations {'fields': 'Id,SimulationState', 'filters': 'ExperimentId=8ea49fc8-9b1e-ed11-a9fb-b88303911bc1', 'count': 100000}
08/17 21:23:18 [DEBUG] [23080] [COMPS.Client] REQUEST -> GET https://comps.idmod.org/api/Simulations {'fields': 'Id,SimulationState', 'filters': 'ExperimentId=8ea49fc8-9b1e-ed11-a9fb-b88303911bc1', 'count': 100000}
08/17 21:23:24 [DEBUG] [23080] [COMPS.Client] REQUEST -> GET https://comps.idmod.org/api/Simulations {'fields': 'Id,SimulationState', 'filters': 'ExperimentId=8ea49fc8-9b1e-ed11-a9fb-b88303911bc1', 'count': 100000}
08/17 21:23:29 [DEBUG] [23080] [COMPS.Client] REQUEST -> GET https://comps.idmod.org/api/Simulations {'fields': 'Id,SimulationState', 'filters': 'ExperimentId=8ea49fc8-9b1e-ed11-a9fb-b88303911bc1', 'count': 100000}
08/17 21:23:34 [DEBUG] [23080] [COMPS.Client] REQUEST -> GET https://comps.idmod.org/api/Simulations {'fields': 'Id,SimulationState', 'filters': 'ExperimentId=8ea49fc8-9b1e-ed11-a9fb-b88303911bc1', 'count': 100000}
08/17 21:23:40 [DEBUG] [23080] [COMPS.Client] REQUEST -> GET https://comps.idmod.org/api/Simulations {'fields': 'Id,SimulationState', 'filters': 'ExperimentId=8ea49fc8-9b1e-ed11-a9fb-b88303911bc1', 'count': 100000}
08/17 21:23:45 [DEBUG] [23080] [COMPS.Client] REQUEST -> GET https://comps.idmod.org/api/Simulations {'fields': 'Id,SimulationState', 'filters': 'ExperimentId=8ea49fc8-9b1e-ed11-a9fb-b88303911bc1', 'count': 100000}
08/17 21:23:50 [DEBUG] [23080] [COMPS.Client] REQUEST -> GET https://comps.idmod.org/api/Simulations {'fields': 'Id,SimulationState', 'filters': 'ExperimentId=8ea49fc8-9b1e-ed11-a9fb-b88303911bc1', 'count': 100000}
08/17 21:23:56 [DEBUG] [23080] [COMPS.Client] REQUEST -> GET https://comps.idmod.org/api/Simulations {'fields': 'Id,SimulationState', 'filters': 'ExperimentId=8ea49fc8-9b1e-ed11-a9fb-b88303911bc1', 'count': 100000}
08/17 21:24:01 [DEBUG] [23080] [COMPS.Client] REQUEST -> GET https://comps.idmod.org/api/Simulations {'fields': 'Id,SimulationState', 'filters': 'ExperimentId=8ea49fc8-9b1e-ed11-a9fb-b88303911bc1', 'count': 100000}
08/17 21:24:06 [DEBUG] [23080] [COMPS.Client] REQUEST -> GET https://comps.idmod.org/api/Simulations {'fields': 'Id,SimulationState', 'filters': 'ExperimentId=8ea49fc8-9b1e-ed11-a9fb-b88303911bc1', 'count': 100000}
08/17 21:24:12 [DEBUG] [23080] [COMPS.Client] REQUEST -> GET https://comps.idmod.org/api/Simulations {'fields': 'Id,SimulationState', 'filters': 'ExperimentId=8ea49fc8-9b1e-ed11-a9fb-b88303911bc1', 'count': 100000}
08/17 21:24:17 [DEBUG] [23080] [COMPS.Client] REQUEST -> GET https://comps.idmod.org/api/Simulations {'fields': 'Id,SimulationState', 'filters': 'ExperimentId=8ea49fc8-9b1e-ed11-a9fb-b88303911bc1', 'count': 100000}
08/17 21:24:23 [DEBUG] [23080] [COMPS.Client] REQUEST -> GET https://comps.idmod.org/api/Simulations {'fields': 'Id,SimulationState', 'filters': 'ExperimentId=8ea49fc8-9b1e-ed11-a9fb-b88303911bc1', 'count': 100000}
08/17 21:24:28 [DEBUG] [23080] [COMPS.Client] REQUEST -> GET https://comps.idmod.org/api/Simulations {'fields': 'Id,SimulationState', 'filters': 'ExperimentId=8ea49fc8-9b1e-ed11-a9fb-b88303911bc1', 'count': 100000}
08/17 21:24:33 [DEBUG] [23080] [COMPS.Client] REQUEST -> GET https://comps.idmod.org/api/Simulations {'fields': 'Id,SimulationState', 'filters': 'ExperimentId=8ea49fc8-9b1e-ed11-a9fb-b88303911bc1', 'count': 100000}
08/17 21:24:39 [DEBUG] [23080] [COMPS.Client] REQUEST -> GET https://comps.idmod.org/api/Simulations {'fields': 'Id,SimulationState', 'filters': 'ExperimentId=8ea49fc8-9b1e-ed11-a9fb-b88303911bc1', 'count': 100000}
08/17 21:24:44 [DEBUG] [23080] [COMPS.Client] REQUEST -> GET https://comps.idmod.org/api/Simulations {'fields': 'Id,SimulationState', 'filters': 'ExperimentId=8ea49fc8-9b1e-ed11-a9fb-b88303911bc1', 'count': 100000}
08/17 21:24:49 [DEBUG] [23080] [COMPS.Client] REQUEST -> GET https://comps.idmod.org/api/Simulations {'fields': 'Id,SimulationState', 'filters': 'ExperimentId=8ea49fc8-9b1e-ed11-a9fb-b88303911bc1', 'count': 100000}
08/17 21:24:55 [DEBUG] [23080] [COMPS.Client] REQUEST -> GET https://comps.idmod.org/api/Simulations {'fields': 'Id,SimulationState', 'filters': 'ExperimentId=8ea49fc8-9b1e-ed11-a9fb-b88303911bc1', 'count': 100000}
08/17 21:25:00 [DEBUG] [23080] [COMPS.Client] REQUEST -> GET https://comps.idmod.org/api/Simulations {'fields': 'Id,SimulationState', 'filters': 'ExperimentId=8ea49fc8-9b1e-ed11-a9fb-b88303911bc1', 'count': 100000}
08/17 21:25:05 [DEBUG] [23080] [COMPS.Client] REQUEST -> GET https://comps.idmod.org/api/Simulations {'fields': 'Id,SimulationState', 'filters': 'ExperimentId=8ea49fc8-9b1e-ed11-a9fb-b88303911bc1', 'count': 100000}
08/17 21:25:10 [DEBUG] [23080] [COMPS.Client] REQUEST -> GET https://comps.idmod.org/api/Simulations {'fields': 'Id,SimulationState', 'filters': 'ExperimentId=8ea49fc8-9b1e-ed11-a9fb-b88303911bc1', 'count': 100000}
08/17 21:25:16 [DEBUG] [23080] [COMPS.Client] REQUEST -> GET https://comps.idmod.org/api/Simulations {'fields': 'Id,SimulationState', 'filters': 'ExperimentId=8ea49fc8-9b1e-ed11-a9fb-b88303911bc1', 'count': 100000}
08/17 21:25:21 [DEBUG] [23080] [COMPS.Client] REQUEST -> GET https://comps.idmod.org/api/Simulations {'fields': 'Id,SimulationState', 'filters': 'ExperimentId=8ea49fc8-9b1e-ed11-a9fb-b88303911bc1', 'count': 100000}
08/17 21:25:26 [DEBUG] [23080] [COMPS.Client] REQUEST -> GET https://comps.idmod.org/api/Simulations {'fields': 'Id,SimulationState', 'filters': 'ExperimentId=8ea49fc8-9b1e-ed11-a9fb-b88303911bc1', 'count': 100000}
08/17 21:25:32 [DEBUG] [23080] [COMPS.Client] REQUEST -> GET https://comps.idmod.org/api/Simulations {'fields': 'Id,SimulationState', 'filters': 'ExperimentId=8ea49fc8-9b1e-ed11-a9fb-b88303911bc1', 'count': 100000}
08/17 21:25:37 [DEBUG] [23080] [COMPS.Client] REQUEST -> GET https://comps.idmod.org/api/Simulations {'fields': 'Id,SimulationState', 'filters': 'ExperimentId=8ea49fc8-9b1e-ed11-a9fb-b88303911bc1', 'count': 100000}
08/17 21:25:42 [DEBUG] [23080] [COMPS.Client] REQUEST -> GET https://comps.idmod.org/api/Simulations {'fields': 'Id,SimulationState', 'filters': 'ExperimentId=8ea49fc8-9b1e-ed11-a9fb-b88303911bc1', 'count': 100000}
08/17 21:25:48 [DEBUG] [23080] [COMPS.Client] REQUEST -> GET https://comps.idmod.org/api/Simulations {'fields': 'Id,SimulationState', 'filters': 'ExperimentId=8ea49fc8-9b1e-ed11-a9fb-b88303911bc1', 'count': 100000}
08/17 21:25:53 [DEBUG] [23080] [COMPS.Client] REQUEST -> GET https://comps.idmod.org/api/Simulations {'fields': 'Id,SimulationState', 'filters': 'ExperimentId=8ea49fc8-9b1e-ed11-a9fb-b88303911bc1', 'count': 100000}
08/17 21:25:58 [DEBUG] [23080] [COMPS.Client] REQUEST -> GET https://comps.idmod.org/api/Simulations {'fields': 'Id,SimulationState', 'filters': 'ExperimentId=8ea49fc8-9b1e-ed11-a9fb-b88303911bc1', 'count': 100000}
08/17 21:26:04 [DEBUG] [23080] [COMPS.Client] REQUEST -> GET https://comps.idmod.org/api/Simulations {'fields': 'Id,SimulationState', 'filters': 'ExperimentId=8ea49fc8-9b1e-ed11-a9fb-b88303911bc1', 'count': 100000}
08/17 21:26:09 [DEBUG] [23080] [COMPS.Client] REQUEST -> GET https://comps.idmod.org/api/Simulations {'fields': 'Id,SimulationState', 'filters': 'ExperimentId=8ea49fc8-9b1e-ed11-a9fb-b88303911bc1', 'count': 100000}
08/17 21:26:15 [DEBUG] [23080] [COMPS.Client] REQUEST -> GET https://comps.idmod.org/api/Simulations {'fields': 'Id,SimulationState', 'filters': 'ExperimentId=8ea49fc8-9b1e-ed11-a9fb-b88303911bc1', 'count': 100000}
08/17 21:26:20 [DEBUG] [23080] [COMPS.Client] REQUEST -> GET https://comps.idmod.org/api/Simulations {'fields': 'Id,SimulationState', 'filters': 'ExperimentId=8ea49fc8-9b1e-ed11-a9fb-b88303911bc1', 'count': 100000}
08/17 21:26:25 [DEBUG] [23080] [COMPS.Client] REQUEST -> GET https://comps.idmod.org/api/Simulations {'fields': 'Id,SimulationState', 'filters': 'ExperimentId=8ea49fc8-9b1e-ed11-a9fb-b88303911bc1', 'count': 100000}
08/17 21:26:31 [DEBUG] [23080] [COMPS.Client] REQUEST -> GET https://comps.idmod.org/api/Simulations {'fields': 'Id,SimulationState', 'filters': 'ExperimentId=8ea49fc8-9b1e-ed11-a9fb-b88303911bc1', 'count': 100000}
08/17 21:26:36 [DEBUG] [23080] [COMPS.Client] REQUEST -> GET https://comps.idmod.org/api/Simulations {'fields': 'Id,SimulationState', 'filters': 'ExperimentId=8ea49fc8-9b1e-ed11-a9fb-b88303911bc1', 'count': 100000}
08/17 21:26:41 [DEBUG] [23080] [COMPS.Client] REQUEST -> GET https://comps.idmod.org/api/Simulations {'fields': 'Id,SimulationState', 'filters': 'ExperimentId=8ea49fc8-9b1e-ed11-a9fb-b88303911bc1', 'count': 100000}
08/17 21:26:47 [DEBUG] [23080] [COMPS.Client] REQUEST -> GET https://comps.idmod.org/api/Simulations {'fields': 'Id,SimulationState', 'filters': 'ExperimentId=8ea49fc8-9b1e-ed11-a9fb-b88303911bc1', 'count': 100000}
08/17 21:26:52 [DEBUG] [23080] [COMPS.Client] REQUEST -> GET https://comps.idmod.org/api/Simulations {'fields': 'Id,SimulationState', 'filters': 'ExperimentId=8ea49fc8-9b1e-ed11-a9fb-b88303911bc1', 'count': 100000}
08/17 21:26:57 [DEBUG] [23080] [COMPS.Client] REQUEST -> GET https://comps.idmod.org/api/Simulations {'fields': 'Id,SimulationState', 'filters': 'ExperimentId=8ea49fc8-9b1e-ed11-a9fb-b88303911bc1', 'count': 100000}
08/17 21:27:03 [DEBUG] [23080] [COMPS.Client] REQUEST -> GET https://comps.idmod.org/api/Simulations {'fields': 'Id,SimulationState', 'filters': 'ExperimentId=8ea49fc8-9b1e-ed11-a9fb-b88303911bc1', 'count': 100000}
08/17 21:27:08 [DEBUG] [23080] [COMPS.Client] REQUEST -> GET https://comps.idmod.org/api/Simulations {'fields': 'Id,SimulationState', 'filters': 'ExperimentId=8ea49fc8-9b1e-ed11-a9fb-b88303911bc1', 'count': 100000}
08/17 21:27:13 [DEBUG] [23080] [COMPS.Client] REQUEST -> GET https://comps.idmod.org/api/Simulations {'fields': 'Id,SimulationState', 'filters': 'ExperimentId=8ea49fc8-9b1e-ed11-a9fb-b88303911bc1', 'count': 100000}
08/17 21:27:19 [DEBUG] [23080] [COMPS.Client] REQUEST -> GET https://comps.idmod.org/api/Simulations {'fields': 'Id,SimulationState', 'filters': 'ExperimentId=8ea49fc8-9b1e-ed11-a9fb-b88303911bc1', 'count': 100000}
08/17 21:27:24 [DEBUG] [23080] [COMPS.Client] REQUEST -> GET https://comps.idmod.org/api/Simulations {'fields': 'Id,SimulationState', 'filters': 'ExperimentId=8ea49fc8-9b1e-ed11-a9fb-b88303911bc1', 'count': 100000}
08/17 21:27:29 [DEBUG] [23080] [COMPS.Client] REQUEST -> GET https://comps.idmod.org/api/Simulations {'fields': 'Id,SimulationState', 'filters': 'ExperimentId=8ea49fc8-9b1e-ed11-a9fb-b88303911bc1', 'count': 100000}
08/17 21:27:35 [DEBUG] [23080] [COMPS.Client] REQUEST -> GET https://comps.idmod.org/api/Simulations {'fields': 'Id,SimulationState', 'filters': 'ExperimentId=8ea49fc8-9b1e-ed11-a9fb-b88303911bc1', 'count': 100000}
08/17 21:27:40 [DEBUG] [23080] [COMPS.Client] REQUEST -> GET https://comps.idmod.org/api/Simulations {'fields': 'Id,SimulationState', 'filters': 'ExperimentId=8ea49fc8-9b1e-ed11-a9fb-b88303911bc1', 'count': 100000}
08/17 21:27:45 [DEBUG] [23080] [COMPS.Client] REQUEST -> GET https://comps.idmod.org/api/Simulations {'fields': 'Id,SimulationState', 'filters': 'ExperimentId=8ea49fc8-9b1e-ed11-a9fb-b88303911bc1', 'count': 100000}
08/17 21:27:51 [DEBUG] [23080] [COMPS.Client] REQUEST -> GET https://comps.idmod.org/api/Simulations {'fields': 'Id,SimulationState', 'filters': 'ExperimentId=8ea49fc8-9b1e-ed11-a9fb-b88303911bc1', 'count': 100000}
08/17 21:27:56 [DEBUG] [23080] [COMPS.Client] REQUEST -> GET https://comps.idmod.org/api/Simulations {'fields': 'Id,SimulationState', 'filters': 'ExperimentId=8ea49fc8-9b1e-ed11-a9fb-b88303911bc1', 'count': 100000}
08/17 21:28:01 [DEBUG] [23080] [COMPS.Client] REQUEST -> GET https://comps.idmod.org/api/Simulations {'fields': 'Id,SimulationState', 'filters': 'ExperimentId=8ea49fc8-9b1e-ed11-a9fb-b88303911bc1', 'count': 100000}
08/17 21:28:06 [DEBUG] [23080] [COMPS.Client] REQUEST -> GET https://comps.idmod.org/api/Simulations {'fields': 'Id,SimulationState', 'filters': 'ExperimentId=8ea49fc8-9b1e-ed11-a9fb-b88303911bc1', 'count': 100000}
08/17 21:28:12 [DEBUG] [23080] [COMPS.Client] REQUEST -> GET https://comps.idmod.org/api/Simulations {'fields': 'Id,SimulationState', 'filters': 'ExperimentId=8ea49fc8-9b1e-ed11-a9fb-b88303911bc1', 'count': 100000}
08/17 21:28:17 [DEBUG] [23080] [COMPS.Client] REQUEST -> GET https://comps.idmod.org/api/Simulations {'fields': 'Id,SimulationState', 'filters': 'ExperimentId=8ea49fc8-9b1e-ed11-a9fb-b88303911bc1', 'count': 100000}
08/17 21:28:22 [DEBUG] [23080] [COMPS.Client] REQUEST -> GET https://comps.idmod.org/api/Simulations {'fields': 'Id,SimulationState', 'filters': 'ExperimentId=8ea49fc8-9b1e-ed11-a9fb-b88303911bc1', 'count': 100000}
08/17 21:28:28 [DEBUG] [23080] [COMPS.Client] REQUEST -> GET https://comps.idmod.org/api/Simulations {'fields': 'Id,SimulationState', 'filters': 'ExperimentId=8ea49fc8-9b1e-ed11-a9fb-b88303911bc1', 'count': 100000}
08/17 21:28:34 [DEBUG] [23080] [COMPS.Client] REQUEST -> GET https://comps.idmod.org/api/Simulations {'fields': 'Id,SimulationState', 'filters': 'ExperimentId=8ea49fc8-9b1e-ed11-a9fb-b88303911bc1', 'count': 100000}
08/17 21:28:39 [DEBUG] [23080] [COMPS.Client] REQUEST -> GET https://comps.idmod.org/api/Simulations {'fields': 'Id,SimulationState', 'filters': 'ExperimentId=8ea49fc8-9b1e-ed11-a9fb-b88303911bc1', 'count': 100000}
08/17 21:28:44 [DEBUG] [23080] [COMPS.Client] REQUEST -> GET https://comps.idmod.org/api/Simulations {'fields': 'Id,SimulationState', 'filters': 'ExperimentId=8ea49fc8-9b1e-ed11-a9fb-b88303911bc1', 'count': 100000}
08/17 21:28:50 [DEBUG] [23080] [COMPS.Client] REQUEST -> GET https://comps.idmod.org/api/Simulations {'fields': 'Id,SimulationState', 'filters': 'ExperimentId=8ea49fc8-9b1e-ed11-a9fb-b88303911bc1', 'count': 100000}
08/17 21:28:55 [DEBUG] [23080] [COMPS.Client] REQUEST -> GET https://comps.idmod.org/api/Simulations {'fields': 'Id,SimulationState', 'filters': 'ExperimentId=8ea49fc8-9b1e-ed11-a9fb-b88303911bc1', 'count': 100000}
08/17 21:29:00 [DEBUG] [23080] [COMPS.Client] REQUEST -> GET https://comps.idmod.org/api/Simulations {'fields': 'Id,SimulationState', 'filters': 'ExperimentId=8ea49fc8-9b1e-ed11-a9fb-b88303911bc1', 'count': 100000}
08/17 21:29:06 [DEBUG] [23080] [COMPS.Client] REQUEST -> GET https://comps.idmod.org/api/Simulations {'fields': 'Id,SimulationState', 'filters': 'ExperimentId=8ea49fc8-9b1e-ed11-a9fb-b88303911bc1', 'count': 100000}
08/17 21:29:11 [DEBUG] [23080] [COMPS.Client] REQUEST -> GET https://comps.idmod.org/api/Simulations {'fields': 'Id,SimulationState', 'filters': 'ExperimentId=8ea49fc8-9b1e-ed11-a9fb-b88303911bc1', 'count': 100000}
08/17 21:29:17 [DEBUG] [23080] [COMPS.Client] REQUEST -> GET https://comps.idmod.org/api/Simulations {'fields': 'Id,SimulationState', 'filters': 'ExperimentId=8ea49fc8-9b1e-ed11-a9fb-b88303911bc1', 'count': 100000}
08/17 21:29:22 [DEBUG] [23080] [COMPS.Client] REQUEST -> GET https://comps.idmod.org/api/Simulations {'fields': 'Id,SimulationState', 'filters': 'ExperimentId=8ea49fc8-9b1e-ed11-a9fb-b88303911bc1', 'count': 100000}
08/17 21:29:27 [DEBUG] [23080] [COMPS.Client] REQUEST -> GET https://comps.idmod.org/api/Simulations {'fields': 'Id,SimulationState', 'filters': 'ExperimentId=8ea49fc8-9b1e-ed11-a9fb-b88303911bc1', 'count': 100000}
08/17 21:29:33 [DEBUG] [23080] [COMPS.Client] REQUEST -> GET https://comps.idmod.org/api/Simulations {'fields': 'Id,SimulationState', 'filters': 'ExperimentId=8ea49fc8-9b1e-ed11-a9fb-b88303911bc1', 'count': 100000}
08/17 21:29:38 [DEBUG] [23080] [COMPS.Client] REQUEST -> GET https://comps.idmod.org/api/Simulations {'fields': 'Id,SimulationState', 'filters': 'ExperimentId=8ea49fc8-9b1e-ed11-a9fb-b88303911bc1', 'count': 100000}
08/17 21:29:43 [DEBUG] [23080] [COMPS.Client] REQUEST -> GET https://comps.idmod.org/api/Simulations {'fields': 'Id,SimulationState', 'filters': 'ExperimentId=8ea49fc8-9b1e-ed11-a9fb-b88303911bc1', 'count': 100000}
08/17 21:29:49 [DEBUG] [23080] [COMPS.Client] REQUEST -> GET https://comps.idmod.org/api/Simulations {'fields': 'Id,SimulationState', 'filters': 'ExperimentId=8ea49fc8-9b1e-ed11-a9fb-b88303911bc1', 'count': 100000}
08/17 21:29:54 [DEBUG] [23080] [COMPS.Client] REQUEST -> GET https://comps.idmod.org/api/Simulations {'fields': 'Id,SimulationState', 'filters': 'ExperimentId=8ea49fc8-9b1e-ed11-a9fb-b88303911bc1', 'count': 100000}
08/17 21:29:59 [DEBUG] [23080] [COMPS.Client] REQUEST -> GET https://comps.idmod.org/api/Simulations {'fields': 'Id,SimulationState', 'filters': 'ExperimentId=8ea49fc8-9b1e-ed11-a9fb-b88303911bc1', 'count': 100000}
08/17 21:30:05 [DEBUG] [23080] [COMPS.Client] REQUEST -> GET https://comps.idmod.org/api/Simulations {'fields': 'Id,SimulationState', 'filters': 'ExperimentId=8ea49fc8-9b1e-ed11-a9fb-b88303911bc1', 'count': 100000}
08/17 21:30:10 [DEBUG] [23080] [COMPS.Client] REQUEST -> GET https://comps.idmod.org/api/Simulations {'fields': 'Id,SimulationState', 'filters': 'ExperimentId=8ea49fc8-9b1e-ed11-a9fb-b88303911bc1', 'count': 100000}
08/17 21:30:16 [DEBUG] [23080] [COMPS.Client] REQUEST -> GET https://comps.idmod.org/api/Simulations {'fields': 'Id,SimulationState', 'filters': 'ExperimentId=8ea49fc8-9b1e-ed11-a9fb-b88303911bc1', 'count': 100000}
08/17 21:30:21 [DEBUG] [23080] [COMPS.Client] REQUEST -> GET https://comps.idmod.org/api/Simulations {'fields': 'Id,SimulationState', 'filters': 'ExperimentId=8ea49fc8-9b1e-ed11-a9fb-b88303911bc1', 'count': 100000}
08/17 21:30:26 [DEBUG] [23080] [COMPS.Client] REQUEST -> GET https://comps.idmod.org/api/Simulations {'fields': 'Id,SimulationState', 'filters': 'ExperimentId=8ea49fc8-9b1e-ed11-a9fb-b88303911bc1', 'count': 100000}
08/17 21:30:32 [DEBUG] [23080] [COMPS.Client] REQUEST -> GET https://comps.idmod.org/api/Simulations {'fields': 'Id,SimulationState', 'filters': 'ExperimentId=8ea49fc8-9b1e-ed11-a9fb-b88303911bc1', 'count': 100000}
08/17 21:30:37 [DEBUG] [23080] [COMPS.Client] REQUEST -> GET https://comps.idmod.org/api/Simulations {'fields': 'Id,SimulationState', 'filters': 'ExperimentId=8ea49fc8-9b1e-ed11-a9fb-b88303911bc1', 'count': 100000}
08/17 21:30:43 [DEBUG] [23080] [COMPS.Client] REQUEST -> GET https://comps.idmod.org/api/Simulations {'fields': 'Id,SimulationState', 'filters': 'ExperimentId=8ea49fc8-9b1e-ed11-a9fb-b88303911bc1', 'count': 100000}
08/17 21:30:48 [DEBUG] [23080] [COMPS.Client] REQUEST -> GET https://comps.idmod.org/api/Simulations {'fields': 'Id,SimulationState', 'filters': 'ExperimentId=8ea49fc8-9b1e-ed11-a9fb-b88303911bc1', 'count': 100000}
08/17 21:30:53 [DEBUG] [23080] [COMPS.Client] REQUEST -> GET https://comps.idmod.org/api/Simulations {'fields': 'Id,SimulationState', 'filters': 'ExperimentId=8ea49fc8-9b1e-ed11-a9fb-b88303911bc1', 'count': 100000}
08/17 21:30:59 [DEBUG] [23080] [COMPS.Client] REQUEST -> GET https://comps.idmod.org/api/Simulations {'fields': 'Id,SimulationState', 'filters': 'ExperimentId=8ea49fc8-9b1e-ed11-a9fb-b88303911bc1', 'count': 100000}
08/17 21:31:04 [DEBUG] [23080] [COMPS.Client] REQUEST -> GET https://comps.idmod.org/api/Simulations {'fields': 'Id,SimulationState', 'filters': 'ExperimentId=8ea49fc8-9b1e-ed11-a9fb-b88303911bc1', 'count': 100000}
08/17 21:31:09 [DEBUG] [23080] [COMPS.Client] REQUEST -> GET https://comps.idmod.org/api/Simulations {'fields': 'Id,SimulationState', 'filters': 'ExperimentId=8ea49fc8-9b1e-ed11-a9fb-b88303911bc1', 'count': 100000}
08/17 21:31:14 [DEBUG] [23080] [COMPS.Client] REQUEST -> GET https://comps.idmod.org/api/Simulations {'fields': 'Id,SimulationState', 'filters': 'ExperimentId=8ea49fc8-9b1e-ed11-a9fb-b88303911bc1', 'count': 100000}
08/17 21:31:20 [DEBUG] [23080] [COMPS.Client] REQUEST -> GET https://comps.idmod.org/api/Simulations {'fields': 'Id,SimulationState', 'filters': 'ExperimentId=8ea49fc8-9b1e-ed11-a9fb-b88303911bc1', 'count': 100000}
08/17 21:31:25 [DEBUG] [23080] [COMPS.Client] REQUEST -> GET https://comps.idmod.org/api/Simulations {'fields': 'Id,SimulationState', 'filters': 'ExperimentId=8ea49fc8-9b1e-ed11-a9fb-b88303911bc1', 'count': 100000}
08/17 21:31:31 [DEBUG] [23080] [COMPS.Client] REQUEST -> GET https://comps.idmod.org/api/Simulations {'fields': 'Id,SimulationState', 'filters': 'ExperimentId=8ea49fc8-9b1e-ed11-a9fb-b88303911bc1', 'count': 100000}
08/17 21:31:36 [DEBUG] [23080] [COMPS.Client] REQUEST -> GET https://comps.idmod.org/api/Simulations {'fields': 'Id,SimulationState', 'filters': 'ExperimentId=8ea49fc8-9b1e-ed11-a9fb-b88303911bc1', 'count': 100000}
08/17 21:31:41 [DEBUG] [23080] [COMPS.Client] REQUEST -> GET https://comps.idmod.org/api/Simulations {'fields': 'Id,SimulationState', 'filters': 'ExperimentId=8ea49fc8-9b1e-ed11-a9fb-b88303911bc1', 'count': 100000}
08/17 21:31:47 [DEBUG] [23080] [COMPS.Client] REQUEST -> GET https://comps.idmod.org/api/Simulations {'fields': 'Id,SimulationState', 'filters': 'ExperimentId=8ea49fc8-9b1e-ed11-a9fb-b88303911bc1', 'count': 100000}
08/17 21:31:52 [DEBUG] [23080] [COMPS.Client] REQUEST -> GET https://comps.idmod.org/api/Simulations {'fields': 'Id,SimulationState', 'filters': 'ExperimentId=8ea49fc8-9b1e-ed11-a9fb-b88303911bc1', 'count': 100000}
08/17 21:31:58 [DEBUG] [23080] [COMPS.Client] REQUEST -> GET https://comps.idmod.org/api/Simulations {'fields': 'Id,SimulationState', 'filters': 'ExperimentId=8ea49fc8-9b1e-ed11-a9fb-b88303911bc1', 'count': 100000}
08/17 21:32:03 [DEBUG] [23080] [COMPS.Client] REQUEST -> GET https://comps.idmod.org/api/Simulations {'fields': 'Id,SimulationState', 'filters': 'ExperimentId=8ea49fc8-9b1e-ed11-a9fb-b88303911bc1', 'count': 100000}
08/17 21:32:08 [DEBUG] [23080] [COMPS.Client] REQUEST -> GET https://comps.idmod.org/api/Simulations {'fields': 'Id,SimulationState', 'filters': 'ExperimentId=8ea49fc8-9b1e-ed11-a9fb-b88303911bc1', 'count': 100000}
08/17 21:32:14 [DEBUG] [23080] [COMPS.Client] REQUEST -> GET https://comps.idmod.org/api/Simulations {'fields': 'Id,SimulationState', 'filters': 'ExperimentId=8ea49fc8-9b1e-ed11-a9fb-b88303911bc1', 'count': 100000}
08/17 21:32:19 [DEBUG] [23080] [COMPS.Client] REQUEST -> GET https://comps.idmod.org/api/Simulations {'fields': 'Id,SimulationState', 'filters': 'ExperimentId=8ea49fc8-9b1e-ed11-a9fb-b88303911bc1', 'count': 100000}
08/17 21:32:24 [DEBUG] [23080] [COMPS.Client] REQUEST -> GET https://comps.idmod.org/api/Simulations {'fields': 'Id,SimulationState', 'filters': 'ExperimentId=8ea49fc8-9b1e-ed11-a9fb-b88303911bc1', 'count': 100000}
08/17 21:32:30 [DEBUG] [23080] [COMPS.Client] REQUEST -> GET https://comps.idmod.org/api/Simulations {'fields': 'Id,SimulationState', 'filters': 'ExperimentId=8ea49fc8-9b1e-ed11-a9fb-b88303911bc1', 'count': 100000}
08/17 21:32:35 [DEBUG] [23080] [COMPS.Client] REQUEST -> GET https://comps.idmod.org/api/Simulations {'fields': 'Id,SimulationState', 'filters': 'ExperimentId=8ea49fc8-9b1e-ed11-a9fb-b88303911bc1', 'count': 100000}
08/17 21:32:40 [DEBUG] [23080] [COMPS.Client] REQUEST -> GET https://comps.idmod.org/api/Simulations {'fields': 'Id,SimulationState', 'filters': 'ExperimentId=8ea49fc8-9b1e-ed11-a9fb-b88303911bc1', 'count': 100000}
08/17 21:32:46 [DEBUG] [23080] [COMPS.Client] REQUEST -> GET https://comps.idmod.org/api/Simulations {'fields': 'Id,SimulationState', 'filters': 'ExperimentId=8ea49fc8-9b1e-ed11-a9fb-b88303911bc1', 'count': 100000}
08/17 21:32:51 [DEBUG] [23080] [COMPS.Client] REQUEST -> GET https://comps.idmod.org/api/Simulations {'fields': 'Id,SimulationState', 'filters': 'ExperimentId=8ea49fc8-9b1e-ed11-a9fb-b88303911bc1', 'count': 100000}
08/17 21:32:57 [DEBUG] [23080] [COMPS.Client] REQUEST -> GET https://comps.idmod.org/api/Simulations {'fields': 'Id,SimulationState', 'filters': 'ExperimentId=8ea49fc8-9b1e-ed11-a9fb-b88303911bc1', 'count': 100000}
08/17 21:33:02 [DEBUG] [23080] [COMPS.Client] REQUEST -> GET https://comps.idmod.org/api/Simulations {'fields': 'Id,SimulationState', 'filters': 'ExperimentId=8ea49fc8-9b1e-ed11-a9fb-b88303911bc1', 'count': 100000}
08/17 21:33:07 [DEBUG] [23080] [COMPS.Client] REQUEST -> GET https://comps.idmod.org/api/Simulations {'fields': 'Id,SimulationState', 'filters': 'ExperimentId=8ea49fc8-9b1e-ed11-a9fb-b88303911bc1', 'count': 100000}
08/17 21:33:13 [DEBUG] [23080] [COMPS.Client] REQUEST -> GET https://comps.idmod.org/api/Simulations {'fields': 'Id,SimulationState', 'filters': 'ExperimentId=8ea49fc8-9b1e-ed11-a9fb-b88303911bc1', 'count': 100000}
08/17 21:33:18 [DEBUG] [23080] [COMPS.Client] REQUEST -> GET https://comps.idmod.org/api/Simulations {'fields': 'Id,SimulationState', 'filters': 'ExperimentId=8ea49fc8-9b1e-ed11-a9fb-b88303911bc1', 'count': 100000}
08/17 21:33:23 [DEBUG] [23080] [COMPS.Client] REQUEST -> GET https://comps.idmod.org/api/Simulations {'fields': 'Id,SimulationState', 'filters': 'ExperimentId=8ea49fc8-9b1e-ed11-a9fb-b88303911bc1', 'count': 100000}
08/17 21:33:29 [DEBUG] [23080] [COMPS.Client] REQUEST -> GET https://comps.idmod.org/api/Simulations {'fields': 'Id,SimulationState', 'filters': 'ExperimentId=8ea49fc8-9b1e-ed11-a9fb-b88303911bc1', 'count': 100000}
08/17 21:33:34 [DEBUG] [23080] [COMPS.Client] REQUEST -> GET https://comps.idmod.org/api/Simulations {'fields': 'Id,SimulationState', 'filters': 'ExperimentId=8ea49fc8-9b1e-ed11-a9fb-b88303911bc1', 'count': 100000}
08/17 21:33:39 [DEBUG] [23080] [COMPS.Client] REQUEST -> GET https://comps.idmod.org/api/Simulations {'fields': 'Id,SimulationState', 'filters': 'ExperimentId=8ea49fc8-9b1e-ed11-a9fb-b88303911bc1', 'count': 100000}
08/17 21:33:45 [DEBUG] [23080] [COMPS.Client] REQUEST -> GET https://comps.idmod.org/api/Simulations {'fields': 'Id,SimulationState', 'filters': 'ExperimentId=8ea49fc8-9b1e-ed11-a9fb-b88303911bc1', 'count': 100000}
08/17 21:33:50 [DEBUG] [23080] [COMPS.Client] REQUEST -> GET https://comps.idmod.org/api/Simulations {'fields': 'Id,SimulationState', 'filters': 'ExperimentId=8ea49fc8-9b1e-ed11-a9fb-b88303911bc1', 'count': 100000}
08/17 21:33:56 [DEBUG] [23080] [COMPS.Client] REQUEST -> GET https://comps.idmod.org/api/Simulations {'fields': 'Id,SimulationState', 'filters': 'ExperimentId=8ea49fc8-9b1e-ed11-a9fb-b88303911bc1', 'count': 100000}
08/17 21:34:01 [DEBUG] [23080] [COMPS.Client] REQUEST -> GET https://comps.idmod.org/api/Simulations {'fields': 'Id,SimulationState', 'filters': 'ExperimentId=8ea49fc8-9b1e-ed11-a9fb-b88303911bc1', 'count': 100000}
08/17 21:34:06 [DEBUG] [23080] [COMPS.Client] REQUEST -> GET https://comps.idmod.org/api/Simulations {'fields': 'Id,SimulationState', 'filters': 'ExperimentId=8ea49fc8-9b1e-ed11-a9fb-b88303911bc1', 'count': 100000}
08/17 21:34:12 [DEBUG] [23080] [COMPS.Client] REQUEST -> GET https://comps.idmod.org/api/Simulations {'fields': 'Id,SimulationState', 'filters': 'ExperimentId=8ea49fc8-9b1e-ed11-a9fb-b88303911bc1', 'count': 100000}
08/17 21:34:17 [DEBUG] [23080] [COMPS.Client] REQUEST -> GET https://comps.idmod.org/api/Simulations {'fields': 'Id,SimulationState', 'filters': 'ExperimentId=8ea49fc8-9b1e-ed11-a9fb-b88303911bc1', 'count': 100000}
08/17 21:34:22 [DEBUG] [23080] [COMPS.Client] REQUEST -> GET https://comps.idmod.org/api/Simulations {'fields': 'Id,SimulationState', 'filters': 'ExperimentId=8ea49fc8-9b1e-ed11-a9fb-b88303911bc1', 'count': 100000}
08/17 21:34:28 [DEBUG] [23080] [COMPS.Client] REQUEST -> GET https://comps.idmod.org/api/Simulations {'fields': 'Id,SimulationState', 'filters': 'ExperimentId=8ea49fc8-9b1e-ed11-a9fb-b88303911bc1', 'count': 100000}
08/17 21:34:33 [DEBUG] [23080] [COMPS.Client] REQUEST -> GET https://comps.idmod.org/api/Simulations {'fields': 'Id,SimulationState', 'filters': 'ExperimentId=8ea49fc8-9b1e-ed11-a9fb-b88303911bc1', 'count': 100000}
08/17 21:34:38 [DEBUG] [23080] [COMPS.Client] REQUEST -> GET https://comps.idmod.org/api/Simulations {'fields': 'Id,SimulationState', 'filters': 'ExperimentId=8ea49fc8-9b1e-ed11-a9fb-b88303911bc1', 'count': 100000}
08/17 21:34:44 [DEBUG] [23080] [COMPS.Client] REQUEST -> GET https://comps.idmod.org/api/Simulations {'fields': 'Id,SimulationState', 'filters': 'ExperimentId=8ea49fc8-9b1e-ed11-a9fb-b88303911bc1', 'count': 100000}
08/17 21:34:49 [DEBUG] [23080] [COMPS.Client] REQUEST -> GET https://comps.idmod.org/api/Simulations {'fields': 'Id,SimulationState', 'filters': 'ExperimentId=8ea49fc8-9b1e-ed11-a9fb-b88303911bc1', 'count': 100000}
08/17 21:34:54 [DEBUG] [23080] [COMPS.Client] REQUEST -> GET https://comps.idmod.org/api/Simulations {'fields': 'Id,SimulationState', 'filters': 'ExperimentId=8ea49fc8-9b1e-ed11-a9fb-b88303911bc1', 'count': 100000}
08/17 21:35:00 [DEBUG] [23080] [COMPS.Client] REQUEST -> GET https://comps.idmod.org/api/Simulations {'fields': 'Id,SimulationState', 'filters': 'ExperimentId=8ea49fc8-9b1e-ed11-a9fb-b88303911bc1', 'count': 100000}
08/17 21:35:05 [DEBUG] [23080] [COMPS.Client] REQUEST -> GET https://comps.idmod.org/api/Simulations {'fields': 'Id,SimulationState', 'filters': 'ExperimentId=8ea49fc8-9b1e-ed11-a9fb-b88303911bc1', 'count': 100000}
08/17 21:35:10 [DEBUG] [23080] [COMPS.Client] REQUEST -> GET https://comps.idmod.org/api/Simulations {'fields': 'Id,SimulationState', 'filters': 'ExperimentId=8ea49fc8-9b1e-ed11-a9fb-b88303911bc1', 'count': 100000}
08/17 21:35:16 [DEBUG] [23080] [COMPS.Client] REQUEST -> GET https://comps.idmod.org/api/Simulations {'fields': 'Id,SimulationState', 'filters': 'ExperimentId=8ea49fc8-9b1e-ed11-a9fb-b88303911bc1', 'count': 100000}
08/17 21:35:21 [DEBUG] [23080] [COMPS.Client] REQUEST -> GET https://comps.idmod.org/api/Simulations {'fields': 'Id,SimulationState', 'filters': 'ExperimentId=8ea49fc8-9b1e-ed11-a9fb-b88303911bc1', 'count': 100000}
08/17 21:35:26 [DEBUG] [23080] [COMPS.Client] REQUEST -> GET https://comps.idmod.org/api/Simulations {'fields': 'Id,SimulationState', 'filters': 'ExperimentId=8ea49fc8-9b1e-ed11-a9fb-b88303911bc1', 'count': 100000}
08/17 21:35:32 [DEBUG] [23080] [COMPS.Client] REQUEST -> GET https://comps.idmod.org/api/Simulations {'fields': 'Id,SimulationState', 'filters': 'ExperimentId=8ea49fc8-9b1e-ed11-a9fb-b88303911bc1', 'count': 100000}
08/17 21:35:37 [DEBUG] [23080] [COMPS.Client] REQUEST -> GET https://comps.idmod.org/api/Simulations {'fields': 'Id,SimulationState', 'filters': 'ExperimentId=8ea49fc8-9b1e-ed11-a9fb-b88303911bc1', 'count': 100000}
08/17 21:35:42 [DEBUG] [23080] [COMPS.Client] REQUEST -> GET https://comps.idmod.org/api/Simulations {'fields': 'Id,SimulationState', 'filters': 'ExperimentId=8ea49fc8-9b1e-ed11-a9fb-b88303911bc1', 'count': 100000}
08/17 21:35:47 [DEBUG] [23080] [COMPS.Client] REQUEST -> GET https://comps.idmod.org/api/Simulations {'fields': 'Id,SimulationState', 'filters': 'ExperimentId=8ea49fc8-9b1e-ed11-a9fb-b88303911bc1', 'count': 100000}
08/17 21:35:53 [DEBUG] [23080] [COMPS.Client] REQUEST -> GET https://comps.idmod.org/api/Simulations {'fields': 'Id,SimulationState', 'filters': 'ExperimentId=8ea49fc8-9b1e-ed11-a9fb-b88303911bc1', 'count': 100000}
08/17 21:35:58 [DEBUG] [23080] [COMPS.Client] REQUEST -> GET https://comps.idmod.org/api/Simulations {'fields': 'Id,SimulationState', 'filters': 'ExperimentId=8ea49fc8-9b1e-ed11-a9fb-b88303911bc1', 'count': 100000}
08/17 21:36:04 [DEBUG] [23080] [COMPS.Client] REQUEST -> GET https://comps.idmod.org/api/Simulations {'fields': 'Id,SimulationState', 'filters': 'ExperimentId=8ea49fc8-9b1e-ed11-a9fb-b88303911bc1', 'count': 100000}
08/17 21:36:09 [DEBUG] [23080] [COMPS.Client] REQUEST -> GET https://comps.idmod.org/api/Simulations {'fields': 'Id,SimulationState', 'filters': 'ExperimentId=8ea49fc8-9b1e-ed11-a9fb-b88303911bc1', 'count': 100000}
08/17 21:36:14 [DEBUG] [23080] [COMPS.Client] REQUEST -> GET https://comps.idmod.org/api/Simulations {'fields': 'Id,SimulationState', 'filters': 'ExperimentId=8ea49fc8-9b1e-ed11-a9fb-b88303911bc1', 'count': 100000}
08/17 21:36:20 [DEBUG] [23080] [COMPS.Client] REQUEST -> GET https://comps.idmod.org/api/Simulations {'fields': 'Id,SimulationState', 'filters': 'ExperimentId=8ea49fc8-9b1e-ed11-a9fb-b88303911bc1', 'count': 100000}
08/17 21:36:25 [DEBUG] [23080] [COMPS.Client] REQUEST -> GET https://comps.idmod.org/api/Simulations {'fields': 'Id,SimulationState', 'filters': 'ExperimentId=8ea49fc8-9b1e-ed11-a9fb-b88303911bc1', 'count': 100000}
08/17 21:36:30 [DEBUG] [23080] [COMPS.Client] REQUEST -> GET https://comps.idmod.org/api/Simulations {'fields': 'Id,SimulationState', 'filters': 'ExperimentId=8ea49fc8-9b1e-ed11-a9fb-b88303911bc1', 'count': 100000}
08/17 21:36:36 [DEBUG] [23080] [COMPS.Client] REQUEST -> GET https://comps.idmod.org/api/Simulations {'fields': 'Id,SimulationState', 'filters': 'ExperimentId=8ea49fc8-9b1e-ed11-a9fb-b88303911bc1', 'count': 100000}
08/17 21:36:41 [DEBUG] [23080] [COMPS.Client] REQUEST -> GET https://comps.idmod.org/api/Simulations {'fields': 'Id,SimulationState', 'filters': 'ExperimentId=8ea49fc8-9b1e-ed11-a9fb-b88303911bc1', 'count': 100000}
08/17 21:36:46 [DEBUG] [23080] [COMPS.Client] REQUEST -> GET https://comps.idmod.org/api/Simulations {'fields': 'Id,SimulationState', 'filters': 'ExperimentId=8ea49fc8-9b1e-ed11-a9fb-b88303911bc1', 'count': 100000}
08/17 21:36:52 [DEBUG] [23080] [COMPS.Client] REQUEST -> GET https://comps.idmod.org/api/Simulations {'fields': 'Id,SimulationState', 'filters': 'ExperimentId=8ea49fc8-9b1e-ed11-a9fb-b88303911bc1', 'count': 100000}
08/17 21:36:57 [DEBUG] [23080] [COMPS.Client] REQUEST -> GET https://comps.idmod.org/api/Simulations {'fields': 'Id,SimulationState', 'filters': 'ExperimentId=8ea49fc8-9b1e-ed11-a9fb-b88303911bc1', 'count': 100000}
08/17 21:37:02 [DEBUG] [23080] [COMPS.Client] REQUEST -> GET https://comps.idmod.org/api/Simulations {'fields': 'Id,SimulationState', 'filters': 'ExperimentId=8ea49fc8-9b1e-ed11-a9fb-b88303911bc1', 'count': 100000}
08/17 21:37:08 [DEBUG] [23080] [COMPS.Client] REQUEST -> GET https://comps.idmod.org/api/Simulations {'fields': 'Id,SimulationState', 'filters': 'ExperimentId=8ea49fc8-9b1e-ed11-a9fb-b88303911bc1', 'count': 100000}
08/17 21:37:13 [DEBUG] [23080] [COMPS.Client] REQUEST -> GET https://comps.idmod.org/api/Simulations {'fields': 'Id,SimulationState', 'filters': 'ExperimentId=8ea49fc8-9b1e-ed11-a9fb-b88303911bc1', 'count': 100000}
08/17 21:37:18 [DEBUG] [23080] [COMPS.Client] REQUEST -> GET https://comps.idmod.org/api/Simulations {'fields': 'Id,SimulationState', 'filters': 'ExperimentId=8ea49fc8-9b1e-ed11-a9fb-b88303911bc1', 'count': 100000}
08/17 21:37:24 [DEBUG] [23080] [COMPS.Client] REQUEST -> GET https://comps.idmod.org/api/Simulations {'fields': 'Id,SimulationState', 'filters': 'ExperimentId=8ea49fc8-9b1e-ed11-a9fb-b88303911bc1', 'count': 100000}
08/17 21:37:29 [DEBUG] [23080] [COMPS.Client] REQUEST -> GET https://comps.idmod.org/api/Simulations {'fields': 'Id,SimulationState', 'filters': 'ExperimentId=8ea49fc8-9b1e-ed11-a9fb-b88303911bc1', 'count': 100000}
08/17 21:37:34 [DEBUG] [23080] [COMPS.Client] REQUEST -> GET https://comps.idmod.org/api/Simulations {'fields': 'Id,SimulationState', 'filters': 'ExperimentId=8ea49fc8-9b1e-ed11-a9fb-b88303911bc1', 'count': 100000}
08/17 21:37:40 [DEBUG] [23080] [COMPS.Client] REQUEST -> GET https://comps.idmod.org/api/Simulations {'fields': 'Id,SimulationState', 'filters': 'ExperimentId=8ea49fc8-9b1e-ed11-a9fb-b88303911bc1', 'count': 100000}
08/17 21:37:45 [DEBUG] [23080] [COMPS.Client] REQUEST -> GET https://comps.idmod.org/api/Simulations {'fields': 'Id,SimulationState', 'filters': 'ExperimentId=8ea49fc8-9b1e-ed11-a9fb-b88303911bc1', 'count': 100000}
08/17 21:37:51 [DEBUG] [23080] [COMPS.Client] REQUEST -> GET https://comps.idmod.org/api/Simulations {'fields': 'Id,SimulationState', 'filters': 'ExperimentId=8ea49fc8-9b1e-ed11-a9fb-b88303911bc1', 'count': 100000}
08/17 21:37:56 [DEBUG] [23080] [COMPS.Client] REQUEST -> GET https://comps.idmod.org/api/Simulations {'fields': 'Id,SimulationState', 'filters': 'ExperimentId=8ea49fc8-9b1e-ed11-a9fb-b88303911bc1', 'count': 100000}
08/17 21:38:01 [DEBUG] [23080] [COMPS.Client] REQUEST -> GET https://comps.idmod.org/api/Simulations {'fields': 'Id,SimulationState', 'filters': 'ExperimentId=8ea49fc8-9b1e-ed11-a9fb-b88303911bc1', 'count': 100000}
08/17 21:38:07 [DEBUG] [23080] [COMPS.Client] REQUEST -> GET https://comps.idmod.org/api/Simulations {'fields': 'Id,SimulationState', 'filters': 'ExperimentId=8ea49fc8-9b1e-ed11-a9fb-b88303911bc1', 'count': 100000}
08/17 21:38:12 [DEBUG] [23080] [COMPS.Client] REQUEST -> GET https://comps.idmod.org/api/Simulations {'fields': 'Id,SimulationState', 'filters': 'ExperimentId=8ea49fc8-9b1e-ed11-a9fb-b88303911bc1', 'count': 100000}
08/17 21:38:18 [DEBUG] [23080] [COMPS.Client] REQUEST -> GET https://comps.idmod.org/api/Simulations {'fields': 'Id,SimulationState', 'filters': 'ExperimentId=8ea49fc8-9b1e-ed11-a9fb-b88303911bc1', 'count': 100000}
08/17 21:38:23 [DEBUG] [23080] [COMPS.Client] REQUEST -> GET https://comps.idmod.org/api/Simulations {'fields': 'Id,SimulationState', 'filters': 'ExperimentId=8ea49fc8-9b1e-ed11-a9fb-b88303911bc1', 'count': 100000}
08/17 21:38:28 [DEBUG] [23080] [COMPS.Client] REQUEST -> GET https://comps.idmod.org/api/Simulations {'fields': 'Id,SimulationState', 'filters': 'ExperimentId=8ea49fc8-9b1e-ed11-a9fb-b88303911bc1', 'count': 100000}
08/17 21:38:34 [DEBUG] [23080] [COMPS.Client] REQUEST -> GET https://comps.idmod.org/api/Simulations {'fields': 'Id,SimulationState', 'filters': 'ExperimentId=8ea49fc8-9b1e-ed11-a9fb-b88303911bc1', 'count': 100000}
08/17 21:38:39 [DEBUG] [23080] [COMPS.Client] REQUEST -> GET https://comps.idmod.org/api/Simulations {'fields': 'Id,SimulationState', 'filters': 'ExperimentId=8ea49fc8-9b1e-ed11-a9fb-b88303911bc1', 'count': 100000}
08/17 21:38:44 [DEBUG] [23080] [COMPS.Client] REQUEST -> GET https://comps.idmod.org/api/Simulations {'fields': 'Id,SimulationState', 'filters': 'ExperimentId=8ea49fc8-9b1e-ed11-a9fb-b88303911bc1', 'count': 100000}
08/17 21:38:50 [DEBUG] [23080] [COMPS.Client] REQUEST -> GET https://comps.idmod.org/api/Simulations {'fields': 'Id,SimulationState', 'filters': 'ExperimentId=8ea49fc8-9b1e-ed11-a9fb-b88303911bc1', 'count': 100000}
08/17 21:38:55 [DEBUG] [23080] [COMPS.Client] REQUEST -> GET https://comps.idmod.org/api/Simulations {'fields': 'Id,SimulationState', 'filters': 'ExperimentId=8ea49fc8-9b1e-ed11-a9fb-b88303911bc1', 'count': 100000}
08/17 21:39:00 [DEBUG] [23080] [COMPS.Client] REQUEST -> GET https://comps.idmod.org/api/Simulations {'fields': 'Id,SimulationState', 'filters': 'ExperimentId=8ea49fc8-9b1e-ed11-a9fb-b88303911bc1', 'count': 100000}
08/17 21:39:06 [DEBUG] [23080] [COMPS.Client] REQUEST -> GET https://comps.idmod.org/api/Simulations {'fields': 'Id,SimulationState', 'filters': 'ExperimentId=8ea49fc8-9b1e-ed11-a9fb-b88303911bc1', 'count': 100000}
08/17 21:39:11 [DEBUG] [23080] [COMPS.Client] REQUEST -> GET https://comps.idmod.org/api/Simulations {'fields': 'Id,SimulationState', 'filters': 'ExperimentId=8ea49fc8-9b1e-ed11-a9fb-b88303911bc1', 'count': 100000}
08/17 21:39:16 [DEBUG] [23080] [COMPS.Client] REQUEST -> GET https://comps.idmod.org/api/Simulations {'fields': 'Id,SimulationState', 'filters': 'ExperimentId=8ea49fc8-9b1e-ed11-a9fb-b88303911bc1', 'count': 100000}
08/17 21:39:22 [DEBUG] [23080] [COMPS.Client] REQUEST -> GET https://comps.idmod.org/api/Simulations {'fields': 'Id,SimulationState', 'filters': 'ExperimentId=8ea49fc8-9b1e-ed11-a9fb-b88303911bc1', 'count': 100000}
08/17 21:39:27 [DEBUG] [23080] [COMPS.Client] REQUEST -> GET https://comps.idmod.org/api/Simulations {'fields': 'Id,SimulationState', 'filters': 'ExperimentId=8ea49fc8-9b1e-ed11-a9fb-b88303911bc1', 'count': 100000}
08/17 21:39:32 [DEBUG] [23080] [COMPS.Client] REQUEST -> GET https://comps.idmod.org/api/Simulations {'fields': 'Id,SimulationState', 'filters': 'ExperimentId=8ea49fc8-9b1e-ed11-a9fb-b88303911bc1', 'count': 100000}
08/17 21:39:38 [DEBUG] [23080] [COMPS.Client] REQUEST -> GET https://comps.idmod.org/api/Simulations {'fields': 'Id,SimulationState', 'filters': 'ExperimentId=8ea49fc8-9b1e-ed11-a9fb-b88303911bc1', 'count': 100000}
08/17 21:39:43 [DEBUG] [23080] [COMPS.Client] REQUEST -> GET https://comps.idmod.org/api/Simulations {'fields': 'Id,SimulationState', 'filters': 'ExperimentId=8ea49fc8-9b1e-ed11-a9fb-b88303911bc1', 'count': 100000}
08/17 21:39:48 [DEBUG] [23080] [COMPS.Client] REQUEST -> GET https://comps.idmod.org/api/Simulations {'fields': 'Id,SimulationState', 'filters': 'ExperimentId=8ea49fc8-9b1e-ed11-a9fb-b88303911bc1', 'count': 100000}
08/17 21:39:54 [DEBUG] [23080] [COMPS.Client] REQUEST -> GET https://comps.idmod.org/api/Simulations {'fields': 'Id,SimulationState', 'filters': 'ExperimentId=8ea49fc8-9b1e-ed11-a9fb-b88303911bc1', 'count': 100000}
08/17 21:39:59 [DEBUG] [23080] [COMPS.Client] REQUEST -> GET https://comps.idmod.org/api/Simulations {'fields': 'Id,SimulationState', 'filters': 'ExperimentId=8ea49fc8-9b1e-ed11-a9fb-b88303911bc1', 'count': 100000}
08/17 21:40:04 [DEBUG] [23080] [COMPS.Client] REQUEST -> GET https://comps.idmod.org/api/Simulations {'fields': 'Id,SimulationState', 'filters': 'ExperimentId=8ea49fc8-9b1e-ed11-a9fb-b88303911bc1', 'count': 100000}
08/17 21:40:09 [DEBUG] [23080] [COMPS.Client] REQUEST -> GET https://comps.idmod.org/api/Simulations {'fields': 'Id,SimulationState', 'filters': 'ExperimentId=8ea49fc8-9b1e-ed11-a9fb-b88303911bc1', 'count': 100000}
08/17 21:40:15 [DEBUG] [23080] [COMPS.Client] REQUEST -> GET https://comps.idmod.org/api/Simulations {'fields': 'Id,SimulationState', 'filters': 'ExperimentId=8ea49fc8-9b1e-ed11-a9fb-b88303911bc1', 'count': 100000}
08/17 21:40:20 [DEBUG] [23080] [COMPS.Client] REQUEST -> GET https://comps.idmod.org/api/Simulations {'fields': 'Id,SimulationState', 'filters': 'ExperimentId=8ea49fc8-9b1e-ed11-a9fb-b88303911bc1', 'count': 100000}
08/17 21:40:25 [DEBUG] [23080] [COMPS.Client] REQUEST -> GET https://comps.idmod.org/api/Simulations {'fields': 'Id,SimulationState', 'filters': 'ExperimentId=8ea49fc8-9b1e-ed11-a9fb-b88303911bc1', 'count': 100000}
08/17 21:40:31 [DEBUG] [23080] [COMPS.Client] REQUEST -> GET https://comps.idmod.org/api/Simulations {'fields': 'Id,SimulationState', 'filters': 'ExperimentId=8ea49fc8-9b1e-ed11-a9fb-b88303911bc1', 'count': 100000}
08/17 21:40:36 [DEBUG] [23080] [COMPS.Client] REQUEST -> GET https://comps.idmod.org/api/Simulations {'fields': 'Id,SimulationState', 'filters': 'ExperimentId=8ea49fc8-9b1e-ed11-a9fb-b88303911bc1', 'count': 100000}
08/17 21:40:41 [DEBUG] [23080] [COMPS.Client] REQUEST -> GET https://comps.idmod.org/api/Simulations {'fields': 'Id,SimulationState', 'filters': 'ExperimentId=8ea49fc8-9b1e-ed11-a9fb-b88303911bc1', 'count': 100000}
08/17 21:40:47 [DEBUG] [23080] [COMPS.Client] REQUEST -> GET https://comps.idmod.org/api/Simulations {'fields': 'Id,SimulationState', 'filters': 'ExperimentId=8ea49fc8-9b1e-ed11-a9fb-b88303911bc1', 'count': 100000}
08/17 21:40:52 [DEBUG] [23080] [COMPS.Client] REQUEST -> GET https://comps.idmod.org/api/Simulations {'fields': 'Id,SimulationState', 'filters': 'ExperimentId=8ea49fc8-9b1e-ed11-a9fb-b88303911bc1', 'count': 100000}
08/17 21:41:01 [DEBUG] [23080] [COMPS.Client] REQUEST -> GET https://comps.idmod.org/api/Simulations {'fields': 'Id,SimulationState', 'filters': 'ExperimentId=8ea49fc8-9b1e-ed11-a9fb-b88303911bc1', 'count': 100000}
08/17 21:41:06 [DEBUG] [23080] [COMPS.Client] REQUEST -> GET https://comps.idmod.org/api/Simulations {'fields': 'Id,SimulationState', 'filters': 'ExperimentId=8ea49fc8-9b1e-ed11-a9fb-b88303911bc1', 'count': 100000}
08/17 21:41:11 [DEBUG] [23080] [COMPS.Client] REQUEST -> GET https://comps.idmod.org/api/Simulations {'fields': 'Id,SimulationState', 'filters': 'ExperimentId=8ea49fc8-9b1e-ed11-a9fb-b88303911bc1', 'count': 100000}
08/17 21:41:17 [DEBUG] [23080] [COMPS.Client] REQUEST -> GET https://comps.idmod.org/api/Simulations {'fields': 'Id,SimulationState', 'filters': 'ExperimentId=8ea49fc8-9b1e-ed11-a9fb-b88303911bc1', 'count': 100000}
08/17 21:41:22 [DEBUG] [23080] [COMPS.Client] REQUEST -> GET https://comps.idmod.org/api/Simulations {'fields': 'Id,SimulationState', 'filters': 'ExperimentId=8ea49fc8-9b1e-ed11-a9fb-b88303911bc1', 'count': 100000}
08/17 21:41:27 [DEBUG] [23080] [COMPS.Client] REQUEST -> GET https://comps.idmod.org/api/Simulations {'fields': 'Id,SimulationState', 'filters': 'ExperimentId=8ea49fc8-9b1e-ed11-a9fb-b88303911bc1', 'count': 100000}
08/17 21:41:33 [DEBUG] [23080] [COMPS.Client] REQUEST -> GET https://comps.idmod.org/api/Simulations {'fields': 'Id,SimulationState', 'filters': 'ExperimentId=8ea49fc8-9b1e-ed11-a9fb-b88303911bc1', 'count': 100000}
08/17 21:41:38 [DEBUG] [23080] [COMPS.Client] REQUEST -> GET https://comps.idmod.org/api/Simulations {'fields': 'Id,SimulationState', 'filters': 'ExperimentId=8ea49fc8-9b1e-ed11-a9fb-b88303911bc1', 'count': 100000}
08/17 21:41:43 [DEBUG] [23080] [COMPS.Client] REQUEST -> GET https://comps.idmod.org/api/Simulations {'fields': 'Id,SimulationState', 'filters': 'ExperimentId=8ea49fc8-9b1e-ed11-a9fb-b88303911bc1', 'count': 100000}
08/17 21:41:49 [DEBUG] [23080] [COMPS.Client] REQUEST -> GET https://comps.idmod.org/api/Simulations {'fields': 'Id,SimulationState', 'filters': 'ExperimentId=8ea49fc8-9b1e-ed11-a9fb-b88303911bc1', 'count': 100000}
08/17 21:41:54 [DEBUG] [23080] [COMPS.Client] REQUEST -> GET https://comps.idmod.org/api/Simulations {'fields': 'Id,SimulationState', 'filters': 'ExperimentId=8ea49fc8-9b1e-ed11-a9fb-b88303911bc1', 'count': 100000}
08/17 21:41:59 [DEBUG] [23080] [COMPS.Client] REQUEST -> GET https://comps.idmod.org/api/Simulations {'fields': 'Id,SimulationState', 'filters': 'ExperimentId=8ea49fc8-9b1e-ed11-a9fb-b88303911bc1', 'count': 100000}
08/17 21:42:05 [DEBUG] [23080] [COMPS.Client] REQUEST -> GET https://comps.idmod.org/api/Simulations {'fields': 'Id,SimulationState', 'filters': 'ExperimentId=8ea49fc8-9b1e-ed11-a9fb-b88303911bc1', 'count': 100000}
08/17 21:42:10 [DEBUG] [23080] [COMPS.Client] REQUEST -> GET https://comps.idmod.org/api/Simulations {'fields': 'Id,SimulationState', 'filters': 'ExperimentId=8ea49fc8-9b1e-ed11-a9fb-b88303911bc1', 'count': 100000}
08/17 21:42:15 [DEBUG] [23080] [COMPS.Client] REQUEST -> GET https://comps.idmod.org/api/Simulations {'fields': 'Id,SimulationState', 'filters': 'ExperimentId=8ea49fc8-9b1e-ed11-a9fb-b88303911bc1', 'count': 100000}
08/17 21:42:21 [DEBUG] [23080] [COMPS.Client] REQUEST -> GET https://comps.idmod.org/api/Simulations {'fields': 'Id,SimulationState', 'filters': 'ExperimentId=8ea49fc8-9b1e-ed11-a9fb-b88303911bc1', 'count': 100000}
08/17 21:42:26 [DEBUG] [23080] [COMPS.Client] REQUEST -> GET https://comps.idmod.org/api/Simulations {'fields': 'Id,SimulationState', 'filters': 'ExperimentId=8ea49fc8-9b1e-ed11-a9fb-b88303911bc1', 'count': 100000}
08/17 21:42:31 [DEBUG] [23080] [COMPS.Client] REQUEST -> GET https://comps.idmod.org/api/Simulations {'fields': 'Id,SimulationState', 'filters': 'ExperimentId=8ea49fc8-9b1e-ed11-a9fb-b88303911bc1', 'count': 100000}
08/17 21:42:37 [DEBUG] [23080] [COMPS.Client] REQUEST -> GET https://comps.idmod.org/api/Simulations {'fields': 'Id,SimulationState', 'filters': 'ExperimentId=8ea49fc8-9b1e-ed11-a9fb-b88303911bc1', 'count': 100000}
08/17 21:42:42 [DEBUG] [23080] [COMPS.Client] REQUEST -> GET https://comps.idmod.org/api/Simulations {'fields': 'Id,SimulationState', 'filters': 'ExperimentId=8ea49fc8-9b1e-ed11-a9fb-b88303911bc1', 'count': 100000}
08/17 21:42:47 [DEBUG] [23080] [COMPS.Client] REQUEST -> GET https://comps.idmod.org/api/Simulations {'fields': 'Id,SimulationState', 'filters': 'ExperimentId=8ea49fc8-9b1e-ed11-a9fb-b88303911bc1', 'count': 100000}
08/17 21:42:53 [DEBUG] [23080] [COMPS.Client] REQUEST -> GET https://comps.idmod.org/api/Simulations {'fields': 'Id,SimulationState', 'filters': 'ExperimentId=8ea49fc8-9b1e-ed11-a9fb-b88303911bc1', 'count': 100000}
08/17 21:42:58 [DEBUG] [23080] [COMPS.Client] REQUEST -> GET https://comps.idmod.org/api/Simulations {'fields': 'Id,SimulationState', 'filters': 'ExperimentId=8ea49fc8-9b1e-ed11-a9fb-b88303911bc1', 'count': 100000}
08/17 21:43:03 [DEBUG] [23080] [COMPS.Client] REQUEST -> GET https://comps.idmod.org/api/Simulations {'fields': 'Id,SimulationState', 'filters': 'ExperimentId=8ea49fc8-9b1e-ed11-a9fb-b88303911bc1', 'count': 100000}
08/17 21:43:09 [DEBUG] [23080] [COMPS.Client] REQUEST -> GET https://comps.idmod.org/api/Simulations {'fields': 'Id,SimulationState', 'filters': 'ExperimentId=8ea49fc8-9b1e-ed11-a9fb-b88303911bc1', 'count': 100000}
08/17 21:43:14 [DEBUG] [23080] [COMPS.Client] REQUEST -> GET https://comps.idmod.org/api/Simulations {'fields': 'Id,SimulationState', 'filters': 'ExperimentId=8ea49fc8-9b1e-ed11-a9fb-b88303911bc1', 'count': 100000}
08/17 21:43:19 [DEBUG] [23080] [COMPS.Client] REQUEST -> GET https://comps.idmod.org/api/Simulations {'fields': 'Id,SimulationState', 'filters': 'ExperimentId=8ea49fc8-9b1e-ed11-a9fb-b88303911bc1', 'count': 100000}
08/17 21:43:25 [DEBUG] [23080] [COMPS.Client] REQUEST -> GET https://comps.idmod.org/api/Simulations {'fields': 'Id,SimulationState', 'filters': 'ExperimentId=8ea49fc8-9b1e-ed11-a9fb-b88303911bc1', 'count': 100000}
08/17 21:43:30 [DEBUG] [23080] [COMPS.Client] REQUEST -> GET https://comps.idmod.org/api/Simulations {'fields': 'Id,SimulationState', 'filters': 'ExperimentId=8ea49fc8-9b1e-ed11-a9fb-b88303911bc1', 'count': 100000}
08/17 21:43:35 [DEBUG] [23080] [COMPS.Client] REQUEST -> GET https://comps.idmod.org/api/Simulations {'fields': 'Id,SimulationState', 'filters': 'ExperimentId=8ea49fc8-9b1e-ed11-a9fb-b88303911bc1', 'count': 100000}
08/17 21:43:41 [DEBUG] [23080] [COMPS.Client] REQUEST -> GET https://comps.idmod.org/api/Simulations {'fields': 'Id,SimulationState', 'filters': 'ExperimentId=8ea49fc8-9b1e-ed11-a9fb-b88303911bc1', 'count': 100000}
08/17 21:43:46 [DEBUG] [23080] [COMPS.Client] REQUEST -> GET https://comps.idmod.org/api/Simulations {'fields': 'Id,SimulationState', 'filters': 'ExperimentId=8ea49fc8-9b1e-ed11-a9fb-b88303911bc1', 'count': 100000}
08/17 21:43:51 [DEBUG] [23080] [COMPS.Client] REQUEST -> GET https://comps.idmod.org/api/Simulations {'fields': 'Id,SimulationState', 'filters': 'ExperimentId=8ea49fc8-9b1e-ed11-a9fb-b88303911bc1', 'count': 100000}
08/17 21:43:57 [DEBUG] [23080] [COMPS.Client] REQUEST -> GET https://comps.idmod.org/api/Simulations {'fields': 'Id,SimulationState', 'filters': 'ExperimentId=8ea49fc8-9b1e-ed11-a9fb-b88303911bc1', 'count': 100000}
08/17 21:44:02 [DEBUG] [23080] [COMPS.Client] REQUEST -> GET https://comps.idmod.org/api/Simulations {'fields': 'Id,SimulationState', 'filters': 'ExperimentId=8ea49fc8-9b1e-ed11-a9fb-b88303911bc1', 'count': 100000}
08/17 21:44:07 [DEBUG] [23080] [COMPS.Client] REQUEST -> GET https://comps.idmod.org/api/Simulations {'fields': 'Id,SimulationState', 'filters': 'ExperimentId=8ea49fc8-9b1e-ed11-a9fb-b88303911bc1', 'count': 100000}
08/17 21:44:13 [DEBUG] [23080] [COMPS.Client] REQUEST -> GET https://comps.idmod.org/api/Simulations {'fields': 'Id,SimulationState', 'filters': 'ExperimentId=8ea49fc8-9b1e-ed11-a9fb-b88303911bc1', 'count': 100000}
08/17 21:44:18 [DEBUG] [23080] [COMPS.Client] REQUEST -> GET https://comps.idmod.org/api/Simulations {'fields': 'Id,SimulationState', 'filters': 'ExperimentId=8ea49fc8-9b1e-ed11-a9fb-b88303911bc1', 'count': 100000}
08/17 21:44:24 [DEBUG] [23080] [COMPS.Client] REQUEST -> GET https://comps.idmod.org/api/Simulations {'fields': 'Id,SimulationState', 'filters': 'ExperimentId=8ea49fc8-9b1e-ed11-a9fb-b88303911bc1', 'count': 100000}
08/17 21:44:29 [DEBUG] [23080] [COMPS.Client] REQUEST -> GET https://comps.idmod.org/api/Simulations {'fields': 'Id,SimulationState', 'filters': 'ExperimentId=8ea49fc8-9b1e-ed11-a9fb-b88303911bc1', 'count': 100000}
08/17 21:44:34 [DEBUG] [23080] [COMPS.Client] REQUEST -> GET https://comps.idmod.org/api/Simulations {'fields': 'Id,SimulationState', 'filters': 'ExperimentId=8ea49fc8-9b1e-ed11-a9fb-b88303911bc1', 'count': 100000}
08/17 21:44:40 [DEBUG] [23080] [COMPS.Client] REQUEST -> GET https://comps.idmod.org/api/Simulations {'fields': 'Id,SimulationState', 'filters': 'ExperimentId=8ea49fc8-9b1e-ed11-a9fb-b88303911bc1', 'count': 100000}
08/17 21:44:45 [DEBUG] [23080] [COMPS.Client] REQUEST -> GET https://comps.idmod.org/api/Simulations {'fields': 'Id,SimulationState', 'filters': 'ExperimentId=8ea49fc8-9b1e-ed11-a9fb-b88303911bc1', 'count': 100000}
08/17 21:44:50 [DEBUG] [23080] [COMPS.Client] REQUEST -> GET https://comps.idmod.org/api/Simulations {'fields': 'Id,SimulationState', 'filters': 'ExperimentId=8ea49fc8-9b1e-ed11-a9fb-b88303911bc1', 'count': 100000}
08/17 21:44:56 [DEBUG] [23080] [COMPS.Client] REQUEST -> GET https://comps.idmod.org/api/Simulations {'fields': 'Id,SimulationState', 'filters': 'ExperimentId=8ea49fc8-9b1e-ed11-a9fb-b88303911bc1', 'count': 100000}
08/17 21:45:01 [DEBUG] [23080] [COMPS.Client] REQUEST -> GET https://comps.idmod.org/api/Simulations {'fields': 'Id,SimulationState', 'filters': 'ExperimentId=8ea49fc8-9b1e-ed11-a9fb-b88303911bc1', 'count': 100000}
08/17 21:45:07 [DEBUG] [23080] [COMPS.Client] REQUEST -> GET https://comps.idmod.org/api/Simulations {'fields': 'Id,SimulationState', 'filters': 'ExperimentId=8ea49fc8-9b1e-ed11-a9fb-b88303911bc1', 'count': 100000}
08/17 21:45:12 [DEBUG] [23080] [COMPS.Client] REQUEST -> GET https://comps.idmod.org/api/Simulations {'fields': 'Id,SimulationState', 'filters': 'ExperimentId=8ea49fc8-9b1e-ed11-a9fb-b88303911bc1', 'count': 100000}
08/17 21:45:17 [DEBUG] [23080] [COMPS.Client] REQUEST -> GET https://comps.idmod.org/api/Simulations {'fields': 'Id,SimulationState', 'filters': 'ExperimentId=8ea49fc8-9b1e-ed11-a9fb-b88303911bc1', 'count': 100000}
08/17 21:45:22 [DEBUG] [23080] [COMPS.Client] REQUEST -> GET https://comps.idmod.org/api/Simulations {'fields': 'Id,SimulationState', 'filters': 'ExperimentId=8ea49fc8-9b1e-ed11-a9fb-b88303911bc1', 'count': 100000}
08/17 21:45:28 [DEBUG] [23080] [COMPS.Client] REQUEST -> GET https://comps.idmod.org/api/Simulations {'fields': 'Id,SimulationState', 'filters': 'ExperimentId=8ea49fc8-9b1e-ed11-a9fb-b88303911bc1', 'count': 100000}
08/17 21:45:33 [DEBUG] [23080] [COMPS.Client] REQUEST -> GET https://comps.idmod.org/api/Simulations {'fields': 'Id,SimulationState', 'filters': 'ExperimentId=8ea49fc8-9b1e-ed11-a9fb-b88303911bc1', 'count': 100000}
08/17 21:45:38 [DEBUG] [23080] [COMPS.Client] REQUEST -> GET https://comps.idmod.org/api/Simulations {'fields': 'Id,SimulationState', 'filters': 'ExperimentId=8ea49fc8-9b1e-ed11-a9fb-b88303911bc1', 'count': 100000}
08/17 21:45:44 [DEBUG] [23080] [COMPS.Client] REQUEST -> GET https://comps.idmod.org/api/Simulations {'fields': 'Id,SimulationState', 'filters': 'ExperimentId=8ea49fc8-9b1e-ed11-a9fb-b88303911bc1', 'count': 100000}
08/17 21:45:49 [DEBUG] [23080] [COMPS.Client] REQUEST -> PUT https://comps.idmod.org/api/tokens
08/17 21:45:50 [DEBUG] [23080] [COMPS.AuthManager] Caching auth token to C:\Users\iaa8148\AppData\Local\Temp\COMPS_Authtoken_https___comps.idmod.org_iaa8148.txt
08/17 21:45:50 [DEBUG] [23080] [COMPS.Client] REQUEST -> GET https://comps.idmod.org/api/Simulations {'fields': 'Id,SimulationState', 'filters': 'ExperimentId=8ea49fc8-9b1e-ed11-a9fb-b88303911bc1', 'count': 100000}
08/17 21:45:55 [DEBUG] [23080] [COMPS.Client] REQUEST -> GET https://comps.idmod.org/api/Simulations {'fields': 'Id,SimulationState', 'filters': 'ExperimentId=8ea49fc8-9b1e-ed11-a9fb-b88303911bc1', 'count': 100000}
08/17 21:46:00 [DEBUG] [23080] [COMPS.Client] REQUEST -> GET https://comps.idmod.org/api/Simulations {'fields': 'Id,SimulationState', 'filters': 'ExperimentId=8ea49fc8-9b1e-ed11-a9fb-b88303911bc1', 'count': 100000}
08/17 21:46:06 [DEBUG] [23080] [COMPS.Client] REQUEST -> GET https://comps.idmod.org/api/Simulations {'fields': 'Id,SimulationState', 'filters': 'ExperimentId=8ea49fc8-9b1e-ed11-a9fb-b88303911bc1', 'count': 100000}
08/17 21:46:11 [DEBUG] [23080] [COMPS.Client] REQUEST -> GET https://comps.idmod.org/api/Simulations {'fields': 'Id,SimulationState', 'filters': 'ExperimentId=8ea49fc8-9b1e-ed11-a9fb-b88303911bc1', 'count': 100000}
08/17 21:46:16 [DEBUG] [23080] [COMPS.Client] REQUEST -> GET https://comps.idmod.org/api/Simulations {'fields': 'Id,SimulationState', 'filters': 'ExperimentId=8ea49fc8-9b1e-ed11-a9fb-b88303911bc1', 'count': 100000}
08/17 21:46:22 [DEBUG] [23080] [COMPS.Client] REQUEST -> GET https://comps.idmod.org/api/Simulations {'fields': 'Id,SimulationState', 'filters': 'ExperimentId=8ea49fc8-9b1e-ed11-a9fb-b88303911bc1', 'count': 100000}
08/17 21:46:27 [DEBUG] [23080] [COMPS.Client] REQUEST -> GET https://comps.idmod.org/api/Simulations {'fields': 'Id,SimulationState', 'filters': 'ExperimentId=8ea49fc8-9b1e-ed11-a9fb-b88303911bc1', 'count': 100000}
08/17 21:46:33 [DEBUG] [23080] [COMPS.Client] REQUEST -> GET https://comps.idmod.org/api/Simulations {'fields': 'Id,SimulationState', 'filters': 'ExperimentId=8ea49fc8-9b1e-ed11-a9fb-b88303911bc1', 'count': 100000}
08/17 21:46:38 [DEBUG] [23080] [COMPS.Client] REQUEST -> GET https://comps.idmod.org/api/Simulations {'fields': 'Id,SimulationState', 'filters': 'ExperimentId=8ea49fc8-9b1e-ed11-a9fb-b88303911bc1', 'count': 100000}
08/17 21:46:43 [DEBUG] [23080] [COMPS.Client] REQUEST -> GET https://comps.idmod.org/api/Simulations {'fields': 'Id,SimulationState', 'filters': 'ExperimentId=8ea49fc8-9b1e-ed11-a9fb-b88303911bc1', 'count': 100000}
08/17 21:46:49 [DEBUG] [23080] [COMPS.Client] REQUEST -> GET https://comps.idmod.org/api/Simulations {'fields': 'Id,SimulationState', 'filters': 'ExperimentId=8ea49fc8-9b1e-ed11-a9fb-b88303911bc1', 'count': 100000}
08/17 21:46:54 [DEBUG] [23080] [COMPS.Client] REQUEST -> GET https://comps.idmod.org/api/Simulations {'fields': 'Id,SimulationState', 'filters': 'ExperimentId=8ea49fc8-9b1e-ed11-a9fb-b88303911bc1', 'count': 100000}
08/17 21:46:59 [DEBUG] [23080] [COMPS.Client] REQUEST -> GET https://comps.idmod.org/api/Simulations {'fields': 'Id,SimulationState', 'filters': 'ExperimentId=8ea49fc8-9b1e-ed11-a9fb-b88303911bc1', 'count': 100000}
08/17 21:47:05 [DEBUG] [23080] [COMPS.Client] REQUEST -> GET https://comps.idmod.org/api/Simulations {'fields': 'Id,SimulationState', 'filters': 'ExperimentId=8ea49fc8-9b1e-ed11-a9fb-b88303911bc1', 'count': 100000}
08/17 21:47:10 [DEBUG] [23080] [COMPS.Client] REQUEST -> GET https://comps.idmod.org/api/Simulations {'fields': 'Id,SimulationState', 'filters': 'ExperimentId=8ea49fc8-9b1e-ed11-a9fb-b88303911bc1', 'count': 100000}
08/17 21:47:15 [DEBUG] [23080] [COMPS.Client] REQUEST -> GET https://comps.idmod.org/api/Simulations {'fields': 'Id,SimulationState', 'filters': 'ExperimentId=8ea49fc8-9b1e-ed11-a9fb-b88303911bc1', 'count': 100000}
08/17 21:47:21 [DEBUG] [23080] [COMPS.Client] REQUEST -> GET https://comps.idmod.org/api/Simulations {'fields': 'Id,SimulationState', 'filters': 'ExperimentId=8ea49fc8-9b1e-ed11-a9fb-b88303911bc1', 'count': 100000}
08/17 21:47:26 [DEBUG] [23080] [COMPS.Client] REQUEST -> GET https://comps.idmod.org/api/Simulations {'fields': 'Id,SimulationState', 'filters': 'ExperimentId=8ea49fc8-9b1e-ed11-a9fb-b88303911bc1', 'count': 100000}
08/17 21:47:31 [DEBUG] [23080] [COMPS.Client] REQUEST -> GET https://comps.idmod.org/api/Simulations {'fields': 'Id,SimulationState', 'filters': 'ExperimentId=8ea49fc8-9b1e-ed11-a9fb-b88303911bc1', 'count': 100000}
08/17 21:47:37 [DEBUG] [23080] [COMPS.Client] REQUEST -> GET https://comps.idmod.org/api/Simulations {'fields': 'Id,SimulationState', 'filters': 'ExperimentId=8ea49fc8-9b1e-ed11-a9fb-b88303911bc1', 'count': 100000}
08/17 21:47:42 [DEBUG] [23080] [COMPS.Client] REQUEST -> GET https://comps.idmod.org/api/Simulations {'fields': 'Id,SimulationState', 'filters': 'ExperimentId=8ea49fc8-9b1e-ed11-a9fb-b88303911bc1', 'count': 100000}
08/17 21:47:48 [DEBUG] [23080] [COMPS.Client] REQUEST -> GET https://comps.idmod.org/api/Simulations {'fields': 'Id,SimulationState', 'filters': 'ExperimentId=8ea49fc8-9b1e-ed11-a9fb-b88303911bc1', 'count': 100000}
08/17 21:47:53 [DEBUG] [23080] [COMPS.Client] REQUEST -> GET https://comps.idmod.org/api/Simulations {'fields': 'Id,SimulationState', 'filters': 'ExperimentId=8ea49fc8-9b1e-ed11-a9fb-b88303911bc1', 'count': 100000}
08/17 21:47:58 [DEBUG] [23080] [COMPS.Client] REQUEST -> GET https://comps.idmod.org/api/Simulations {'fields': 'Id,SimulationState', 'filters': 'ExperimentId=8ea49fc8-9b1e-ed11-a9fb-b88303911bc1', 'count': 100000}
08/17 21:48:04 [DEBUG] [23080] [COMPS.Client] REQUEST -> GET https://comps.idmod.org/api/Simulations {'fields': 'Id,SimulationState', 'filters': 'ExperimentId=8ea49fc8-9b1e-ed11-a9fb-b88303911bc1', 'count': 100000}
08/17 21:48:09 [DEBUG] [23080] [COMPS.Client] REQUEST -> GET https://comps.idmod.org/api/Simulations {'fields': 'Id,SimulationState', 'filters': 'ExperimentId=8ea49fc8-9b1e-ed11-a9fb-b88303911bc1', 'count': 100000}
08/17 21:48:14 [DEBUG] [23080] [COMPS.Client] REQUEST -> GET https://comps.idmod.org/api/Simulations {'fields': 'Id,SimulationState', 'filters': 'ExperimentId=8ea49fc8-9b1e-ed11-a9fb-b88303911bc1', 'count': 100000}
08/17 21:48:20 [DEBUG] [23080] [COMPS.Client] REQUEST -> GET https://comps.idmod.org/api/Simulations {'fields': 'Id,SimulationState', 'filters': 'ExperimentId=8ea49fc8-9b1e-ed11-a9fb-b88303911bc1', 'count': 100000}
08/17 21:48:25 [DEBUG] [23080] [COMPS.Client] REQUEST -> GET https://comps.idmod.org/api/Simulations {'fields': 'Id,SimulationState', 'filters': 'ExperimentId=8ea49fc8-9b1e-ed11-a9fb-b88303911bc1', 'count': 100000}
08/17 21:48:30 [DEBUG] [23080] [COMPS.Client] REQUEST -> GET https://comps.idmod.org/api/Simulations {'fields': 'Id,SimulationState', 'filters': 'ExperimentId=8ea49fc8-9b1e-ed11-a9fb-b88303911bc1', 'count': 100000}
08/17 21:48:36 [DEBUG] [23080] [COMPS.Client] REQUEST -> GET https://comps.idmod.org/api/Simulations {'fields': 'Id,SimulationState', 'filters': 'ExperimentId=8ea49fc8-9b1e-ed11-a9fb-b88303911bc1', 'count': 100000}
08/17 21:48:41 [DEBUG] [23080] [COMPS.Client] REQUEST -> GET https://comps.idmod.org/api/Simulations {'fields': 'Id,SimulationState', 'filters': 'ExperimentId=8ea49fc8-9b1e-ed11-a9fb-b88303911bc1', 'count': 100000}
08/17 21:48:46 [DEBUG] [23080] [COMPS.Client] REQUEST -> GET https://comps.idmod.org/api/Simulations {'fields': 'Id,SimulationState', 'filters': 'ExperimentId=8ea49fc8-9b1e-ed11-a9fb-b88303911bc1', 'count': 100000}
08/17 21:48:52 [DEBUG] [23080] [COMPS.Client] REQUEST -> GET https://comps.idmod.org/api/Simulations {'fields': 'Id,SimulationState', 'filters': 'ExperimentId=8ea49fc8-9b1e-ed11-a9fb-b88303911bc1', 'count': 100000}
08/17 21:48:57 [DEBUG] [23080] [COMPS.Client] REQUEST -> GET https://comps.idmod.org/api/Simulations {'fields': 'Id,SimulationState', 'filters': 'ExperimentId=8ea49fc8-9b1e-ed11-a9fb-b88303911bc1', 'count': 100000}
08/17 21:49:02 [DEBUG] [23080] [COMPS.Client] REQUEST -> GET https://comps.idmod.org/api/Simulations {'fields': 'Id,SimulationState', 'filters': 'ExperimentId=8ea49fc8-9b1e-ed11-a9fb-b88303911bc1', 'count': 100000}
08/17 21:49:08 [DEBUG] [23080] [COMPS.Client] REQUEST -> GET https://comps.idmod.org/api/Simulations {'fields': 'Id,SimulationState', 'filters': 'ExperimentId=8ea49fc8-9b1e-ed11-a9fb-b88303911bc1', 'count': 100000}
08/17 21:49:13 [DEBUG] [23080] [COMPS.Client] REQUEST -> GET https://comps.idmod.org/api/Simulations {'fields': 'Id,SimulationState', 'filters': 'ExperimentId=8ea49fc8-9b1e-ed11-a9fb-b88303911bc1', 'count': 100000}
08/17 21:49:18 [DEBUG] [23080] [COMPS.Client] REQUEST -> GET https://comps.idmod.org/api/Simulations {'fields': 'Id,SimulationState', 'filters': 'ExperimentId=8ea49fc8-9b1e-ed11-a9fb-b88303911bc1', 'count': 100000}
08/17 21:49:24 [DEBUG] [23080] [COMPS.Client] REQUEST -> GET https://comps.idmod.org/api/Simulations {'fields': 'Id,SimulationState', 'filters': 'ExperimentId=8ea49fc8-9b1e-ed11-a9fb-b88303911bc1', 'count': 100000}
08/17 21:49:29 [DEBUG] [23080] [COMPS.Client] REQUEST -> GET https://comps.idmod.org/api/Simulations {'fields': 'Id,SimulationState', 'filters': 'ExperimentId=8ea49fc8-9b1e-ed11-a9fb-b88303911bc1', 'count': 100000}
08/17 21:49:34 [DEBUG] [23080] [COMPS.Client] REQUEST -> GET https://comps.idmod.org/api/Simulations {'fields': 'Id,SimulationState', 'filters': 'ExperimentId=8ea49fc8-9b1e-ed11-a9fb-b88303911bc1', 'count': 100000}
08/17 21:49:40 [DEBUG] [23080] [COMPS.Client] REQUEST -> GET https://comps.idmod.org/api/Simulations {'fields': 'Id,SimulationState', 'filters': 'ExperimentId=8ea49fc8-9b1e-ed11-a9fb-b88303911bc1', 'count': 100000}
08/17 21:49:46 [DEBUG] [23080] [COMPS.Client] REQUEST -> GET https://comps.idmod.org/api/Simulations {'fields': 'Id,SimulationState', 'filters': 'ExperimentId=8ea49fc8-9b1e-ed11-a9fb-b88303911bc1', 'count': 100000}
08/17 21:49:51 [DEBUG] [23080] [COMPS.Client] REQUEST -> GET https://comps.idmod.org/api/Simulations {'fields': 'Id,SimulationState', 'filters': 'ExperimentId=8ea49fc8-9b1e-ed11-a9fb-b88303911bc1', 'count': 100000}
08/17 21:49:56 [DEBUG] [23080] [COMPS.Client] REQUEST -> GET https://comps.idmod.org/api/Simulations {'fields': 'Id,SimulationState', 'filters': 'ExperimentId=8ea49fc8-9b1e-ed11-a9fb-b88303911bc1', 'count': 100000}
08/17 21:50:02 [DEBUG] [23080] [COMPS.Client] REQUEST -> GET https://comps.idmod.org/api/Simulations {'fields': 'Id,SimulationState', 'filters': 'ExperimentId=8ea49fc8-9b1e-ed11-a9fb-b88303911bc1', 'count': 100000}
08/17 21:50:07 [DEBUG] [23080] [COMPS.Client] REQUEST -> GET https://comps.idmod.org/api/Simulations {'fields': 'Id,SimulationState', 'filters': 'ExperimentId=8ea49fc8-9b1e-ed11-a9fb-b88303911bc1', 'count': 100000}
08/17 21:50:13 [DEBUG] [23080] [COMPS.Client] REQUEST -> GET https://comps.idmod.org/api/Simulations {'fields': 'Id,SimulationState', 'filters': 'ExperimentId=8ea49fc8-9b1e-ed11-a9fb-b88303911bc1', 'count': 100000}
08/17 21:50:18 [DEBUG] [23080] [COMPS.Client] REQUEST -> GET https://comps.idmod.org/api/Simulations {'fields': 'Id,SimulationState', 'filters': 'ExperimentId=8ea49fc8-9b1e-ed11-a9fb-b88303911bc1', 'count': 100000}
08/17 21:50:23 [DEBUG] [23080] [COMPS.Client] REQUEST -> GET https://comps.idmod.org/api/Simulations {'fields': 'Id,SimulationState', 'filters': 'ExperimentId=8ea49fc8-9b1e-ed11-a9fb-b88303911bc1', 'count': 100000}
08/17 21:50:29 [DEBUG] [23080] [COMPS.Client] REQUEST -> GET https://comps.idmod.org/api/Simulations {'fields': 'Id,SimulationState', 'filters': 'ExperimentId=8ea49fc8-9b1e-ed11-a9fb-b88303911bc1', 'count': 100000}
08/17 21:50:34 [DEBUG] [23080] [COMPS.Client] REQUEST -> GET https://comps.idmod.org/api/Simulations {'fields': 'Id,SimulationState', 'filters': 'ExperimentId=8ea49fc8-9b1e-ed11-a9fb-b88303911bc1', 'count': 100000}
08/17 21:50:39 [DEBUG] [23080] [COMPS.Client] REQUEST -> GET https://comps.idmod.org/api/Simulations {'fields': 'Id,SimulationState', 'filters': 'ExperimentId=8ea49fc8-9b1e-ed11-a9fb-b88303911bc1', 'count': 100000}
